=============================================
       Omnibus: the Exnihilo front-end       
       (c) ORNL, UT-Battelle, 2007-2016      
---------------------------------------------
Exnihilo 6.2 (r30663: #0a3a0e6b on 2017MAY04)
Scale 6.3 (r22875: #1c783b6b on 2017APR25)
built on 2017MAY04
with machine 'mod-condo-login02.ornl.gov' running Linux version 3.10.0-327.4.4.el7.x86_64 (x86_64)
=============================================

*** The Exnihilo software revision (r30641) used to generate the input file differs from this version being used to run it (r30663).
*** This could cause internal consistency checks to unexpectedly fail, and it could even lead to unexpected database value changes.
*** Please check your output very carefully after this run to make sure the interpreted values match your input values.
::: Building model
*** No composition data is present in the Mesh model at '/lustre/hydra/cades-nsed-scale/tut/c5g7_precon/c5g7_small_mesh.h5'
>>> Creating default boundary mesh from (0 0 0) to (64.26 64.26 64.26) for Mesh geometry
::: Building physics 'mg'
::: Building Denovo solver internals
::: Loading matids from mesh model
::: Mixing Denovo cross sections
::: Initializing Denovo solver
>>> Constructing Denovo state vector with 56 groups, 530604 cells, 4 moments, 1 unknowns per cell
>>> Forcing full upscatter partitioning for RQI
::: Running Denovo transport calculation
>>> Beginning Rayleigh Quotient Iteration
Belos Block GMRES converged after 54 iterations.
>>> Forward groups 0-55 finished in   54 Belos Block GMRES iterations.
Belos Block GMRES converged after 4 iterations.
Belos Block GMRES converged after 4 iterations.
Belos Block GMRES converged after 4 iterations.
Belos Block GMRES converged after 4 iterations.
Belos Block GMRES converged after 4 iterations.
Belos Block GMRES converged after 4 iterations.
Belos Block GMRES converged after 4 iterations.
Belos Block GMRES converged after 4 iterations.
Belos Block GMRES converged after 4 iterations.
Belos Block GMRES converged after 4 iterations.
Belos Block GMRES converged after 4 iterations.
Belos Block GMRES converged after 4 iterations.
Belos Block GMRES converged after 4 iterations.
Belos Block GMRES converged after 4 iterations.
Belos Block GMRES converged after 4 iterations.
Belos Block GMRES converged after 4 iterations.
Belos Block GMRES converged after 3 iterations.
Belos Block GMRES converged after 3 iterations.
Belos Block GMRES converged after 3 iterations.
Belos Block GMRES converged after 3 iterations.
Belos Block GMRES converged after 3 iterations.
Belos Block GMRES converged after 3 iterations.
Belos Block GMRES converged after 3 iterations.
Belos Block GMRES converged after 3 iterations.
Belos Block GMRES converged after 3 iterations.
Belos Block GMRES converged after 3 iterations.
Belos Block GMRES converged after 3 iterations.
Belos Block GMRES converged after 3 iterations.
Belos Block GMRES converged after 3 iterations.
Belos Block GMRES converged after 3 iterations.
Belos Block GMRES converged after 3 iterations.
Belos Block GMRES converged after 3 iterations.
Belos Block GMRES converged after 3 iterations.
Belos Block GMRES converged after 3 iterations.
Belos Block GMRES converged after 3 iterations.
Belos Block GMRES converged after 3 iterations.
Belos Block GMRES converged after 3 iterations.
Belos Block GMRES converged after 3 iterations.
Belos Block GMRES converged after 3 iterations.
Belos Block GMRES converged after 3 iterations.
Belos Block GMRES converged after 3 iterations.
Belos Block GMRES converged after 3 iterations.
Belos Block GMRES converged after 3 iterations.
Belos Block GMRES converged after 3 iterations.
Belos Block GMRES converged after 3 iterations.
Belos Block GMRES converged after 3 iterations.
Belos Block GMRES converged after 3 iterations.
Belos Block GMRES converged after 3 iterations.
Belos Block GMRES converged after 3 iterations.
Belos Block GMRES converged after 3 iterations.
Belos Block GMRES converged after 3 iterations.
Belos Block GMRES converged after 3 iterations.
Belos Block GMRES converged after 3 iterations.
Belos Block GMRES converged after 3 iterations.
Belos Block GMRES converged after 3 iterations.
Belos Block GMRES converged after 3 iterations.
Belos Block GMRES converged after 4 iterations.
Belos Block GMRES converged after 4 iterations.
Belos Block GMRES converged after 4 iterations.
Belos Block GMRES converged after 4 iterations.
Belos Block GMRES converged after 4 iterations.
Belos Block GMRES converged after 4 iterations.
Belos Block GMRES converged after 4 iterations.
Belos Block GMRES converged after 4 iterations.
Belos Block GMRES converged after 4 iterations.
Belos Block GMRES converged after 4 iterations.
Belos Block GMRES converged after 4 iterations.
Belos Block GMRES converged after 4 iterations.
Belos Block GMRES converged after 4 iterations.
Belos Block GMRES converged after 4 iterations.
Belos Block GMRES converged after 4 iterations.
Belos Block GMRES converged after 4 iterations.
Belos Block GMRES converged after 3 iterations.
Belos Block GMRES converged after 3 iterations.
Belos Block GMRES converged after 3 iterations.
Belos Block GMRES converged after 3 iterations.
Belos Block GMRES converged after 3 iterations.
Belos Block GMRES converged after 3 iterations.
Belos Block GMRES converged after 3 iterations.
Belos Block GMRES converged after 3 iterations.
Belos Block GMRES converged after 3 iterations.
Belos Block GMRES converged after 3 iterations.
Belos Block GMRES converged after 3 iterations.
Belos Block GMRES converged after 3 iterations.
Belos Block GMRES converged after 3 iterations.
Belos Block GMRES converged after 3 iterations.
Belos Block GMRES converged after 3 iterations.
Belos Block GMRES converged after 3 iterations.
Belos Block GMRES converged after 3 iterations.
Belos Block GMRES converged after 3 iterations.
Belos Block GMRES converged after 3 iterations.
Belos Block GMRES converged after 3 iterations.
Belos Block GMRES converged after 3 iterations.
Belos Block GMRES converged after 3 iterations.
Belos Block GMRES converged after 3 iterations.
Belos Block GMRES converged after 3 iterations.
Belos Block GMRES converged after 3 iterations.
Belos Block GMRES converged after 3 iterations.
Belos Block GMRES converged after 3 iterations.
Belos Block GMRES converged after 3 iterations.
Belos Block GMRES converged after 3 iterations.
Belos Block GMRES converged after 3 iterations.
Belos Block GMRES converged after 3 iterations.
Belos Block GMRES converged after 3 iterations.
Belos Block GMRES converged after 3 iterations.
Belos Block GMRES converged after 3 iterations.
Belos Block GMRES converged after 3 iterations.
Belos Block GMRES converged after 3 iterations.
Belos Block GMRES converged after 3 iterations.
Belos Block GMRES converged after 3 iterations.
Belos Block GMRES converged after 3 iterations.
Belos Block GMRES converged after 3 iterations.
>>> Eigenvalue Iteration    1 has an estimated eigenvalue of 1.0361049387e+00
>>>         with a relative error in k-eff of  3.610494e-02
>>>        and an absolute error in k-eff of  3.610494e-02
Belos Block GMRES converged after 137 iterations.
>>> Forward groups 0-55 finished in  137 Belos Block GMRES iterations.
Belos Block GMRES converged after 4 iterations.
Belos Block GMRES converged after 4 iterations.
Belos Block GMRES converged after 4 iterations.
Belos Block GMRES converged after 4 iterations.
Belos Block GMRES converged after 4 iterations.
Belos Block GMRES converged after 4 iterations.
Belos Block GMRES converged after 4 iterations.
Belos Block GMRES converged after 4 iterations.
Belos Block GMRES converged after 4 iterations.
Belos Block GMRES converged after 4 iterations.
Belos Block GMRES converged after 4 iterations.
Belos Block GMRES converged after 4 iterations.
Belos Block GMRES converged after 4 iterations.
Belos Block GMRES converged after 4 iterations.
Belos Block GMRES converged after 4 iterations.
Belos Block GMRES converged after 4 iterations.
Belos Block GMRES converged after 4 iterations.
Belos Block GMRES converged after 4 iterations.
Belos Block GMRES converged after 4 iterations.
Belos Block GMRES converged after 3 iterations.
Belos Block GMRES converged after 4 iterations.
Belos Block GMRES converged after 3 iterations.
Belos Block GMRES converged after 4 iterations.
Belos Block GMRES converged after 3 iterations.
Belos Block GMRES converged after 4 iterations.
Belos Block GMRES converged after 3 iterations.
Belos Block GMRES converged after 4 iterations.
Belos Block GMRES converged after 3 iterations.
Belos Block GMRES converged after 4 iterations.
Belos Block GMRES converged after 3 iterations.
Belos Block GMRES converged after 3 iterations.
Belos Block GMRES converged after 4 iterations.
Belos Block GMRES converged after 3 iterations.
Belos Block GMRES converged after 3 iterations.
Belos Block GMRES converged after 3 iterations.
Belos Block GMRES converged after 4 iterations.
Belos Block GMRES converged after 4 iterations.
Belos Block GMRES converged after 3 iterations.
Belos Block GMRES converged after 3 iterations.
Belos Block GMRES converged after 3 iterations.
Belos Block GMRES converged after 3 iterations.
Belos Block GMRES converged after 3 iterations.
Belos Block GMRES converged after 3 iterations.
Belos Block GMRES converged after 3 iterations.
Belos Block GMRES converged after 3 iterations.
Belos Block GMRES converged after 3 iterations.
Belos Block GMRES converged after 3 iterations.
Belos Block GMRES converged after 3 iterations.
Belos Block GMRES converged after 3 iterations.
Belos Block GMRES converged after 3 iterations.
Belos Block GMRES converged after 3 iterations.
Belos Block GMRES converged after 3 iterations.
Belos Block GMRES converged after 3 iterations.
Belos Block GMRES converged after 3 iterations.
Belos Block GMRES converged after 3 iterations.
Belos Block GMRES converged after 3 iterations.
Belos Block GMRES converged after 4 iterations.
Belos Block GMRES converged after 4 iterations.
Belos Block GMRES converged after 4 iterations.
Belos Block GMRES converged after 4 iterations.
Belos Block GMRES converged after 4 iterations.
Belos Block GMRES converged after 4 iterations.
Belos Block GMRES converged after 4 iterations.
Belos Block GMRES converged after 4 iterations.
Belos Block GMRES converged after 4 iterations.
Belos Block GMRES converged after 4 iterations.
Belos Block GMRES converged after 4 iterations.
Belos Block GMRES converged after 4 iterations.
Belos Block GMRES converged after 4 iterations.
Belos Block GMRES converged after 4 iterations.
Belos Block GMRES converged after 4 iterations.
Belos Block GMRES converged after 4 iterations.
Belos Block GMRES converged after 4 iterations.
Belos Block GMRES converged after 4 iterations.
Belos Block GMRES converged after 4 iterations.
Belos Block GMRES converged after 3 iterations.
Belos Block GMRES converged after 4 iterations.
Belos Block GMRES converged after 3 iterations.
Belos Block GMRES converged after 4 iterations.
Belos Block GMRES converged after 3 iterations.
Belos Block GMRES converged after 4 iterations.
Belos Block GMRES converged after 3 iterations.
Belos Block GMRES converged after 3 iterations.
Belos Block GMRES converged after 3 iterations.
Belos Block GMRES converged after 4 iterations.
Belos Block GMRES converged after 3 iterations.
Belos Block GMRES converged after 3 iterations.
Belos Block GMRES converged after 4 iterations.
Belos Block GMRES converged after 3 iterations.
Belos Block GMRES converged after 3 iterations.
Belos Block GMRES converged after 3 iterations.
Belos Block GMRES converged after 4 iterations.
Belos Block GMRES converged after 4 iterations.
Belos Block GMRES converged after 3 iterations.
Belos Block GMRES converged after 3 iterations.
Belos Block GMRES converged after 3 iterations.
Belos Block GMRES converged after 3 iterations.
Belos Block GMRES converged after 3 iterations.
Belos Block GMRES converged after 3 iterations.
Belos Block GMRES converged after 3 iterations.
Belos Block GMRES converged after 3 iterations.
Belos Block GMRES converged after 3 iterations.
Belos Block GMRES converged after 3 iterations.
Belos Block GMRES converged after 3 iterations.
Belos Block GMRES converged after 3 iterations.
Belos Block GMRES converged after 3 iterations.
Belos Block GMRES converged after 3 iterations.
Belos Block GMRES converged after 3 iterations.
Belos Block GMRES converged after 3 iterations.
Belos Block GMRES converged after 3 iterations.
Belos Block GMRES converged after 3 iterations.
Belos Block GMRES converged after 3 iterations.
>>> Eigenvalue Iteration    2 has an estimated eigenvalue of 1.0950618958e+00
>>>         with a relative error in k-eff of  5.690250e-02
>>>        and an absolute error in k-eff of  5.895696e-02
Belos Block GMRES converged after 171 iterations.
>>> Forward groups 0-55 finished in  171 Belos Block GMRES iterations.
Belos Block GMRES converged after 4 iterations.
Belos Block GMRES converged after 4 iterations.
Belos Block GMRES converged after 4 iterations.
Belos Block GMRES converged after 4 iterations.
Belos Block GMRES converged after 4 iterations.
Belos Block GMRES converged after 4 iterations.
Belos Block GMRES converged after 4 iterations.
Belos Block GMRES converged after 4 iterations.
Belos Block GMRES converged after 4 iterations.
Belos Block GMRES converged after 4 iterations.
Belos Block GMRES converged after 4 iterations.
Belos Block GMRES converged after 4 iterations.
Belos Block GMRES converged after 4 iterations.
Belos Block GMRES converged after 4 iterations.
Belos Block GMRES converged after 4 iterations.
Belos Block GMRES converged after 4 iterations.
Belos Block GMRES converged after 4 iterations.
Belos Block GMRES converged after 4 iterations.
Belos Block GMRES converged after 4 iterations.
Belos Block GMRES converged after 3 iterations.
Belos Block GMRES converged after 4 iterations.
Belos Block GMRES converged after 3 iterations.
Belos Block GMRES converged after 4 iterations.
Belos Block GMRES converged after 3 iterations.
Belos Block GMRES converged after 4 iterations.
Belos Block GMRES converged after 3 iterations.
Belos Block GMRES converged after 4 iterations.
Belos Block GMRES converged after 3 iterations.
Belos Block GMRES converged after 4 iterations.
Belos Block GMRES converged after 3 iterations.
Belos Block GMRES converged after 3 iterations.
Belos Block GMRES converged after 4 iterations.
Belos Block GMRES converged after 3 iterations.
Belos Block GMRES converged after 3 iterations.
Belos Block GMRES converged after 3 iterations.
Belos Block GMRES converged after 4 iterations.
Belos Block GMRES converged after 4 iterations.
Belos Block GMRES converged after 3 iterations.
Belos Block GMRES converged after 3 iterations.
Belos Block GMRES converged after 3 iterations.
Belos Block GMRES converged after 3 iterations.
Belos Block GMRES converged after 3 iterations.
Belos Block GMRES converged after 3 iterations.
Belos Block GMRES converged after 3 iterations.
Belos Block GMRES converged after 3 iterations.
Belos Block GMRES converged after 3 iterations.
Belos Block GMRES converged after 3 iterations.
Belos Block GMRES converged after 3 iterations.
Belos Block GMRES converged after 3 iterations.
Belos Block GMRES converged after 3 iterations.
Belos Block GMRES converged after 3 iterations.
Belos Block GMRES converged after 3 iterations.
Belos Block GMRES converged after 3 iterations.
Belos Block GMRES converged after 3 iterations.
Belos Block GMRES converged after 3 iterations.
Belos Block GMRES converged after 3 iterations.
Belos Block GMRES converged after 4 iterations.
Belos Block GMRES converged after 4 iterations.
Belos Block GMRES converged after 4 iterations.
Belos Block GMRES converged after 4 iterations.
Belos Block GMRES converged after 4 iterations.
Belos Block GMRES converged after 4 iterations.
Belos Block GMRES converged after 4 iterations.
Belos Block GMRES converged after 4 iterations.
Belos Block GMRES converged after 4 iterations.
Belos Block GMRES converged after 4 iterations.
Belos Block GMRES converged after 4 iterations.
Belos Block GMRES converged after 4 iterations.
Belos Block GMRES converged after 4 iterations.
Belos Block GMRES converged after 4 iterations.
Belos Block GMRES converged after 4 iterations.
Belos Block GMRES converged after 4 iterations.
Belos Block GMRES converged after 4 iterations.
Belos Block GMRES converged after 4 iterations.
Belos Block GMRES converged after 4 iterations.
Belos Block GMRES converged after 3 iterations.
Belos Block GMRES converged after 4 iterations.
Belos Block GMRES converged after 3 iterations.
Belos Block GMRES converged after 3 iterations.
Belos Block GMRES converged after 3 iterations.
Belos Block GMRES converged after 3 iterations.
Belos Block GMRES converged after 3 iterations.
Belos Block GMRES converged after 3 iterations.
Belos Block GMRES converged after 3 iterations.
Belos Block GMRES converged after 4 iterations.
Belos Block GMRES converged after 3 iterations.
Belos Block GMRES converged after 3 iterations.
Belos Block GMRES converged after 3 iterations.
Belos Block GMRES converged after 3 iterations.
Belos Block GMRES converged after 3 iterations.
Belos Block GMRES converged after 3 iterations.
Belos Block GMRES converged after 4 iterations.
Belos Block GMRES converged after 3 iterations.
Belos Block GMRES converged after 3 iterations.
Belos Block GMRES converged after 3 iterations.
Belos Block GMRES converged after 3 iterations.
Belos Block GMRES converged after 3 iterations.
Belos Block GMRES converged after 3 iterations.
Belos Block GMRES converged after 3 iterations.
Belos Block GMRES converged after 3 iterations.
Belos Block GMRES converged after 3 iterations.
Belos Block GMRES converged after 3 iterations.
Belos Block GMRES converged after 3 iterations.
Belos Block GMRES converged after 3 iterations.
Belos Block GMRES converged after 3 iterations.
Belos Block GMRES converged after 3 iterations.
Belos Block GMRES converged after 3 iterations.
Belos Block GMRES converged after 3 iterations.
Belos Block GMRES converged after 3 iterations.
Belos Block GMRES converged after 3 iterations.
Belos Block GMRES converged after 3 iterations.
Belos Block GMRES converged after 3 iterations.
>>> Eigenvalue Iteration    3 has an estimated eigenvalue of 1.0970467848e+00
>>>         with a relative error in k-eff of  1.812582e-03
>>>        and an absolute error in k-eff of  1.984889e-03
*** Belos Block GMRES did not converge after 250 iterations.
>>> Forward groups 0-55 finished in  250 Belos Block GMRES iterations.
Belos Block GMRES converged after 4 iterations.
Belos Block GMRES converged after 4 iterations.
Belos Block GMRES converged after 4 iterations.
Belos Block GMRES converged after 4 iterations.
Belos Block GMRES converged after 4 iterations.
Belos Block GMRES converged after 4 iterations.
Belos Block GMRES converged after 4 iterations.
Belos Block GMRES converged after 4 iterations.
Belos Block GMRES converged after 4 iterations.
Belos Block GMRES converged after 4 iterations.
Belos Block GMRES converged after 4 iterations.
Belos Block GMRES converged after 4 iterations.
Belos Block GMRES converged after 4 iterations.
Belos Block GMRES converged after 4 iterations.
Belos Block GMRES converged after 4 iterations.
Belos Block GMRES converged after 4 iterations.
Belos Block GMRES converged after 4 iterations.
Belos Block GMRES converged after 4 iterations.
Belos Block GMRES converged after 4 iterations.
Belos Block GMRES converged after 3 iterations.
Belos Block GMRES converged after 4 iterations.
Belos Block GMRES converged after 3 iterations.
Belos Block GMRES converged after 4 iterations.
Belos Block GMRES converged after 3 iterations.
Belos Block GMRES converged after 4 iterations.
Belos Block GMRES converged after 3 iterations.
Belos Block GMRES converged after 4 iterations.
Belos Block GMRES converged after 3 iterations.
Belos Block GMRES converged after 4 iterations.
Belos Block GMRES converged after 3 iterations.
Belos Block GMRES converged after 3 iterations.
Belos Block GMRES converged after 4 iterations.
Belos Block GMRES converged after 3 iterations.
Belos Block GMRES converged after 3 iterations.
Belos Block GMRES converged after 3 iterations.
Belos Block GMRES converged after 4 iterations.
Belos Block GMRES converged after 4 iterations.
Belos Block GMRES converged after 3 iterations.
Belos Block GMRES converged after 3 iterations.
Belos Block GMRES converged after 3 iterations.
Belos Block GMRES converged after 3 iterations.
Belos Block GMRES converged after 3 iterations.
Belos Block GMRES converged after 3 iterations.
Belos Block GMRES converged after 3 iterations.
Belos Block GMRES converged after 3 iterations.
Belos Block GMRES converged after 3 iterations.
Belos Block GMRES converged after 3 iterations.
Belos Block GMRES converged after 3 iterations.
Belos Block GMRES converged after 3 iterations.
Belos Block GMRES converged after 3 iterations.
Belos Block GMRES converged after 3 iterations.
Belos Block GMRES converged after 3 iterations.
Belos Block GMRES converged after 3 iterations.
Belos Block GMRES converged after 3 iterations.
Belos Block GMRES converged after 3 iterations.
Belos Block GMRES converged after 3 iterations.
Belos Block GMRES converged after 4 iterations.
Belos Block GMRES converged after 4 iterations.
Belos Block GMRES converged after 4 iterations.
Belos Block GMRES converged after 4 iterations.
Belos Block GMRES converged after 4 iterations.
Belos Block GMRES converged after 4 iterations.
Belos Block GMRES converged after 4 iterations.
Belos Block GMRES converged after 4 iterations.
Belos Block GMRES converged after 4 iterations.
Belos Block GMRES converged after 4 iterations.
Belos Block GMRES converged after 4 iterations.
Belos Block GMRES converged after 4 iterations.
Belos Block GMRES converged after 4 iterations.
Belos Block GMRES converged after 4 iterations.
Belos Block GMRES converged after 4 iterations.
Belos Block GMRES converged after 4 iterations.
Belos Block GMRES converged after 4 iterations.
Belos Block GMRES converged after 4 iterations.
Belos Block GMRES converged after 4 iterations.
Belos Block GMRES converged after 3 iterations.
Belos Block GMRES converged after 4 iterations.
Belos Block GMRES converged after 3 iterations.
Belos Block GMRES converged after 3 iterations.
Belos Block GMRES converged after 3 iterations.
Belos Block GMRES converged after 3 iterations.
Belos Block GMRES converged after 3 iterations.
Belos Block GMRES converged after 3 iterations.
Belos Block GMRES converged after 3 iterations.
Belos Block GMRES converged after 4 iterations.
Belos Block GMRES converged after 3 iterations.
Belos Block GMRES converged after 3 iterations.
Belos Block GMRES converged after 3 iterations.
Belos Block GMRES converged after 3 iterations.
Belos Block GMRES converged after 3 iterations.
Belos Block GMRES converged after 3 iterations.
Belos Block GMRES converged after 4 iterations.
Belos Block GMRES converged after 3 iterations.
Belos Block GMRES converged after 3 iterations.
Belos Block GMRES converged after 3 iterations.
Belos Block GMRES converged after 3 iterations.
Belos Block GMRES converged after 3 iterations.
Belos Block GMRES converged after 3 iterations.
Belos Block GMRES converged after 3 iterations.
Belos Block GMRES converged after 3 iterations.
Belos Block GMRES converged after 3 iterations.
Belos Block GMRES converged after 3 iterations.
Belos Block GMRES converged after 3 iterations.
Belos Block GMRES converged after 3 iterations.
Belos Block GMRES converged after 3 iterations.
Belos Block GMRES converged after 3 iterations.
Belos Block GMRES converged after 3 iterations.
Belos Block GMRES converged after 3 iterations.
Belos Block GMRES converged after 3 iterations.
Belos Block GMRES converged after 3 iterations.
Belos Block GMRES converged after 3 iterations.
Belos Block GMRES converged after 3 iterations.
>>> Eigenvalue Iteration    4 has an estimated eigenvalue of 1.0970657885e+00
>>>         with a relative error in k-eff of  1.732254e-05
>>>        and an absolute error in k-eff of  1.900363e-05
*** Belos Block GMRES did not converge after 250 iterations.
>>> Forward groups 0-55 finished in  250 Belos Block GMRES iterations.
Belos Block GMRES converged after 4 iterations.
Belos Block GMRES converged after 4 iterations.
Belos Block GMRES converged after 4 iterations.
Belos Block GMRES converged after 4 iterations.
Belos Block GMRES converged after 4 iterations.
Belos Block GMRES converged after 4 iterations.
Belos Block GMRES converged after 4 iterations.
Belos Block GMRES converged after 4 iterations.
Belos Block GMRES converged after 4 iterations.
Belos Block GMRES converged after 4 iterations.
Belos Block GMRES converged after 4 iterations.
Belos Block GMRES converged after 4 iterations.
Belos Block GMRES converged after 4 iterations.
Belos Block GMRES converged after 4 iterations.
Belos Block GMRES converged after 4 iterations.
Belos Block GMRES converged after 4 iterations.
Belos Block GMRES converged after 4 iterations.
Belos Block GMRES converged after 4 iterations.
Belos Block GMRES converged after 4 iterations.
Belos Block GMRES converged after 3 iterations.
Belos Block GMRES converged after 4 iterations.
Belos Block GMRES converged after 3 iterations.
Belos Block GMRES converged after 4 iterations.
Belos Block GMRES converged after 3 iterations.
Belos Block GMRES converged after 4 iterations.
Belos Block GMRES converged after 3 iterations.
Belos Block GMRES converged after 4 iterations.
Belos Block GMRES converged after 3 iterations.
Belos Block GMRES converged after 4 iterations.
Belos Block GMRES converged after 3 iterations.
Belos Block GMRES converged after 3 iterations.
Belos Block GMRES converged after 4 iterations.
Belos Block GMRES converged after 3 iterations.
Belos Block GMRES converged after 3 iterations.
Belos Block GMRES converged after 3 iterations.
Belos Block GMRES converged after 4 iterations.
Belos Block GMRES converged after 4 iterations.
Belos Block GMRES converged after 3 iterations.
Belos Block GMRES converged after 3 iterations.
Belos Block GMRES converged after 3 iterations.
Belos Block GMRES converged after 3 iterations.
Belos Block GMRES converged after 3 iterations.
Belos Block GMRES converged after 3 iterations.
Belos Block GMRES converged after 3 iterations.
Belos Block GMRES converged after 3 iterations.
Belos Block GMRES converged after 3 iterations.
Belos Block GMRES converged after 3 iterations.
Belos Block GMRES converged after 3 iterations.
Belos Block GMRES converged after 3 iterations.
Belos Block GMRES converged after 3 iterations.
Belos Block GMRES converged after 3 iterations.
Belos Block GMRES converged after 3 iterations.
Belos Block GMRES converged after 3 iterations.
Belos Block GMRES converged after 3 iterations.
Belos Block GMRES converged after 3 iterations.
Belos Block GMRES converged after 3 iterations.
Belos Block GMRES converged after 4 iterations.
Belos Block GMRES converged after 4 iterations.
Belos Block GMRES converged after 4 iterations.
Belos Block GMRES converged after 4 iterations.
Belos Block GMRES converged after 4 iterations.
Belos Block GMRES converged after 4 iterations.
Belos Block GMRES converged after 4 iterations.
Belos Block GMRES converged after 4 iterations.
Belos Block GMRES converged after 4 iterations.
Belos Block GMRES converged after 4 iterations.
Belos Block GMRES converged after 4 iterations.
Belos Block GMRES converged after 4 iterations.
Belos Block GMRES converged after 4 iterations.
Belos Block GMRES converged after 4 iterations.
Belos Block GMRES converged after 4 iterations.
Belos Block GMRES converged after 4 iterations.
Belos Block GMRES converged after 4 iterations.
Belos Block GMRES converged after 4 iterations.
Belos Block GMRES converged after 4 iterations.
Belos Block GMRES converged after 3 iterations.
Belos Block GMRES converged after 4 iterations.
Belos Block GMRES converged after 3 iterations.
Belos Block GMRES converged after 3 iterations.
Belos Block GMRES converged after 3 iterations.
Belos Block GMRES converged after 3 iterations.
Belos Block GMRES converged after 3 iterations.
Belos Block GMRES converged after 3 iterations.
Belos Block GMRES converged after 3 iterations.
Belos Block GMRES converged after 4 iterations.
Belos Block GMRES converged after 3 iterations.
Belos Block GMRES converged after 3 iterations.
Belos Block GMRES converged after 3 iterations.
Belos Block GMRES converged after 3 iterations.
Belos Block GMRES converged after 3 iterations.
Belos Block GMRES converged after 3 iterations.
Belos Block GMRES converged after 4 iterations.
Belos Block GMRES converged after 3 iterations.
Belos Block GMRES converged after 3 iterations.
Belos Block GMRES converged after 3 iterations.
Belos Block GMRES converged after 3 iterations.
Belos Block GMRES converged after 3 iterations.
Belos Block GMRES converged after 3 iterations.
Belos Block GMRES converged after 3 iterations.
Belos Block GMRES converged after 3 iterations.
Belos Block GMRES converged after 3 iterations.
Belos Block GMRES converged after 3 iterations.
Belos Block GMRES converged after 3 iterations.
Belos Block GMRES converged after 3 iterations.
Belos Block GMRES converged after 3 iterations.
Belos Block GMRES converged after 3 iterations.
Belos Block GMRES converged after 3 iterations.
Belos Block GMRES converged after 3 iterations.
Belos Block GMRES converged after 3 iterations.
Belos Block GMRES converged after 3 iterations.
Belos Block GMRES converged after 3 iterations.
Belos Block GMRES converged after 3 iterations.
>>> Eigenvalue Iteration    5 has an estimated eigenvalue of 1.0970469497e+00
>>>         with a relative error in k-eff of  1.717196e-05
>>>        and an absolute error in k-eff of  1.883877e-05
*** Belos Block GMRES did not converge after 250 iterations.
>>> Forward groups 0-55 finished in  250 Belos Block GMRES iterations.
Belos Block GMRES converged after 4 iterations.
Belos Block GMRES converged after 4 iterations.
Belos Block GMRES converged after 4 iterations.
Belos Block GMRES converged after 4 iterations.
Belos Block GMRES converged after 4 iterations.
Belos Block GMRES converged after 4 iterations.
Belos Block GMRES converged after 4 iterations.
Belos Block GMRES converged after 4 iterations.
Belos Block GMRES converged after 4 iterations.
Belos Block GMRES converged after 4 iterations.
Belos Block GMRES converged after 4 iterations.
Belos Block GMRES converged after 4 iterations.
Belos Block GMRES converged after 4 iterations.
Belos Block GMRES converged after 4 iterations.
Belos Block GMRES converged after 4 iterations.
Belos Block GMRES converged after 4 iterations.
Belos Block GMRES converged after 4 iterations.
Belos Block GMRES converged after 4 iterations.
Belos Block GMRES converged after 4 iterations.
Belos Block GMRES converged after 3 iterations.
Belos Block GMRES converged after 4 iterations.
Belos Block GMRES converged after 3 iterations.
Belos Block GMRES converged after 4 iterations.
Belos Block GMRES converged after 3 iterations.
Belos Block GMRES converged after 4 iterations.
Belos Block GMRES converged after 3 iterations.
Belos Block GMRES converged after 4 iterations.
Belos Block GMRES converged after 3 iterations.
Belos Block GMRES converged after 4 iterations.
Belos Block GMRES converged after 3 iterations.
Belos Block GMRES converged after 3 iterations.
Belos Block GMRES converged after 4 iterations.
Belos Block GMRES converged after 3 iterations.
Belos Block GMRES converged after 3 iterations.
Belos Block GMRES converged after 3 iterations.
Belos Block GMRES converged after 4 iterations.
Belos Block GMRES converged after 4 iterations.
Belos Block GMRES converged after 3 iterations.
Belos Block GMRES converged after 3 iterations.
Belos Block GMRES converged after 3 iterations.
Belos Block GMRES converged after 3 iterations.
Belos Block GMRES converged after 3 iterations.
Belos Block GMRES converged after 3 iterations.
Belos Block GMRES converged after 3 iterations.
Belos Block GMRES converged after 3 iterations.
Belos Block GMRES converged after 3 iterations.
Belos Block GMRES converged after 3 iterations.
Belos Block GMRES converged after 3 iterations.
Belos Block GMRES converged after 3 iterations.
Belos Block GMRES converged after 3 iterations.
Belos Block GMRES converged after 3 iterations.
Belos Block GMRES converged after 3 iterations.
Belos Block GMRES converged after 3 iterations.
Belos Block GMRES converged after 3 iterations.
Belos Block GMRES converged after 3 iterations.
Belos Block GMRES converged after 3 iterations.
Belos Block GMRES converged after 4 iterations.
Belos Block GMRES converged after 4 iterations.
Belos Block GMRES converged after 4 iterations.
Belos Block GMRES converged after 4 iterations.
Belos Block GMRES converged after 4 iterations.
Belos Block GMRES converged after 4 iterations.
Belos Block GMRES converged after 4 iterations.
Belos Block GMRES converged after 4 iterations.
Belos Block GMRES converged after 4 iterations.
Belos Block GMRES converged after 4 iterations.
Belos Block GMRES converged after 4 iterations.
Belos Block GMRES converged after 4 iterations.
Belos Block GMRES converged after 4 iterations.
Belos Block GMRES converged after 4 iterations.
Belos Block GMRES converged after 4 iterations.
Belos Block GMRES converged after 4 iterations.
Belos Block GMRES converged after 4 iterations.
Belos Block GMRES converged after 4 iterations.
Belos Block GMRES converged after 4 iterations.
Belos Block GMRES converged after 3 iterations.
Belos Block GMRES converged after 4 iterations.
Belos Block GMRES converged after 3 iterations.
Belos Block GMRES converged after 3 iterations.
Belos Block GMRES converged after 3 iterations.
Belos Block GMRES converged after 3 iterations.
Belos Block GMRES converged after 3 iterations.
Belos Block GMRES converged after 3 iterations.
Belos Block GMRES converged after 3 iterations.
Belos Block GMRES converged after 4 iterations.
Belos Block GMRES converged after 3 iterations.
Belos Block GMRES converged after 3 iterations.
Belos Block GMRES converged after 3 iterations.
Belos Block GMRES converged after 3 iterations.
Belos Block GMRES converged after 3 iterations.
Belos Block GMRES converged after 3 iterations.
Belos Block GMRES converged after 4 iterations.
Belos Block GMRES converged after 3 iterations.
Belos Block GMRES converged after 3 iterations.
Belos Block GMRES converged after 3 iterations.
Belos Block GMRES converged after 3 iterations.
Belos Block GMRES converged after 3 iterations.
Belos Block GMRES converged after 3 iterations.
Belos Block GMRES converged after 3 iterations.
Belos Block GMRES converged after 3 iterations.
Belos Block GMRES converged after 3 iterations.
Belos Block GMRES converged after 3 iterations.
Belos Block GMRES converged after 3 iterations.
Belos Block GMRES converged after 3 iterations.
Belos Block GMRES converged after 3 iterations.
Belos Block GMRES converged after 3 iterations.
Belos Block GMRES converged after 3 iterations.
Belos Block GMRES converged after 3 iterations.
Belos Block GMRES converged after 3 iterations.
Belos Block GMRES converged after 3 iterations.
Belos Block GMRES converged after 3 iterations.
Belos Block GMRES converged after 3 iterations.
>>> Eigenvalue Iteration    6 has an estimated eigenvalue of 1.0970728274e+00
>>>         with a relative error in k-eff of  2.358848e-05
>>>        and an absolute error in k-eff of  2.587767e-05
*** Belos Block GMRES did not converge after 250 iterations.
>>> Forward groups 0-55 finished in  250 Belos Block GMRES iterations.
Belos Block GMRES converged after 4 iterations.
Belos Block GMRES converged after 4 iterations.
Belos Block GMRES converged after 4 iterations.
Belos Block GMRES converged after 4 iterations.
Belos Block GMRES converged after 4 iterations.
Belos Block GMRES converged after 4 iterations.
Belos Block GMRES converged after 4 iterations.
Belos Block GMRES converged after 4 iterations.
Belos Block GMRES converged after 4 iterations.
Belos Block GMRES converged after 4 iterations.
Belos Block GMRES converged after 4 iterations.
Belos Block GMRES converged after 4 iterations.
Belos Block GMRES converged after 4 iterations.
Belos Block GMRES converged after 4 iterations.
Belos Block GMRES converged after 4 iterations.
Belos Block GMRES converged after 4 iterations.
Belos Block GMRES converged after 4 iterations.
Belos Block GMRES converged after 4 iterations.
Belos Block GMRES converged after 4 iterations.
Belos Block GMRES converged after 3 iterations.
Belos Block GMRES converged after 4 iterations.
Belos Block GMRES converged after 3 iterations.
Belos Block GMRES converged after 4 iterations.
Belos Block GMRES converged after 3 iterations.
Belos Block GMRES converged after 4 iterations.
Belos Block GMRES converged after 3 iterations.
Belos Block GMRES converged after 4 iterations.
Belos Block GMRES converged after 3 iterations.
Belos Block GMRES converged after 4 iterations.
Belos Block GMRES converged after 3 iterations.
Belos Block GMRES converged after 3 iterations.
Belos Block GMRES converged after 4 iterations.
Belos Block GMRES converged after 3 iterations.
Belos Block GMRES converged after 3 iterations.
Belos Block GMRES converged after 3 iterations.
Belos Block GMRES converged after 4 iterations.
Belos Block GMRES converged after 4 iterations.
Belos Block GMRES converged after 3 iterations.
Belos Block GMRES converged after 3 iterations.
Belos Block GMRES converged after 3 iterations.
Belos Block GMRES converged after 3 iterations.
Belos Block GMRES converged after 3 iterations.
Belos Block GMRES converged after 3 iterations.
Belos Block GMRES converged after 3 iterations.
Belos Block GMRES converged after 3 iterations.
Belos Block GMRES converged after 3 iterations.
Belos Block GMRES converged after 3 iterations.
Belos Block GMRES converged after 3 iterations.
Belos Block GMRES converged after 3 iterations.
Belos Block GMRES converged after 3 iterations.
Belos Block GMRES converged after 3 iterations.
Belos Block GMRES converged after 3 iterations.
Belos Block GMRES converged after 3 iterations.
Belos Block GMRES converged after 3 iterations.
Belos Block GMRES converged after 3 iterations.
Belos Block GMRES converged after 3 iterations.
Belos Block GMRES converged after 4 iterations.
Belos Block GMRES converged after 4 iterations.
Belos Block GMRES converged after 4 iterations.
Belos Block GMRES converged after 4 iterations.
Belos Block GMRES converged after 4 iterations.
Belos Block GMRES converged after 4 iterations.
Belos Block GMRES converged after 4 iterations.
Belos Block GMRES converged after 4 iterations.
Belos Block GMRES converged after 4 iterations.
Belos Block GMRES converged after 4 iterations.
Belos Block GMRES converged after 4 iterations.
Belos Block GMRES converged after 4 iterations.
Belos Block GMRES converged after 4 iterations.
Belos Block GMRES converged after 4 iterations.
Belos Block GMRES converged after 4 iterations.
Belos Block GMRES converged after 4 iterations.
Belos Block GMRES converged after 4 iterations.
Belos Block GMRES converged after 4 iterations.
Belos Block GMRES converged after 4 iterations.
Belos Block GMRES converged after 3 iterations.
Belos Block GMRES converged after 4 iterations.
Belos Block GMRES converged after 3 iterations.
Belos Block GMRES converged after 3 iterations.
Belos Block GMRES converged after 3 iterations.
Belos Block GMRES converged after 3 iterations.
Belos Block GMRES converged after 3 iterations.
Belos Block GMRES converged after 3 iterations.
Belos Block GMRES converged after 3 iterations.
Belos Block GMRES converged after 4 iterations.
Belos Block GMRES converged after 3 iterations.
Belos Block GMRES converged after 3 iterations.
Belos Block GMRES converged after 3 iterations.
Belos Block GMRES converged after 3 iterations.
Belos Block GMRES converged after 3 iterations.
Belos Block GMRES converged after 3 iterations.
Belos Block GMRES converged after 4 iterations.
Belos Block GMRES converged after 3 iterations.
Belos Block GMRES converged after 3 iterations.
Belos Block GMRES converged after 3 iterations.
Belos Block GMRES converged after 3 iterations.
Belos Block GMRES converged after 3 iterations.
Belos Block GMRES converged after 3 iterations.
Belos Block GMRES converged after 3 iterations.
Belos Block GMRES converged after 3 iterations.
Belos Block GMRES converged after 3 iterations.
Belos Block GMRES converged after 3 iterations.
Belos Block GMRES converged after 3 iterations.
Belos Block GMRES converged after 3 iterations.
Belos Block GMRES converged after 3 iterations.
Belos Block GMRES converged after 3 iterations.
Belos Block GMRES converged after 3 iterations.
Belos Block GMRES converged after 3 iterations.
Belos Block GMRES converged after 3 iterations.
Belos Block GMRES converged after 3 iterations.
Belos Block GMRES converged after 3 iterations.
Belos Block GMRES converged after 3 iterations.
>>> Eigenvalue Iteration    7 has an estimated eigenvalue of 1.0970470846e+00
>>>         with a relative error in k-eff of  2.346499e-05
>>>        and an absolute error in k-eff of  2.574280e-05
*** Belos Block GMRES did not converge after 250 iterations.
>>> Forward groups 0-55 finished in  250 Belos Block GMRES iterations.
Belos Block GMRES converged after 4 iterations.
Belos Block GMRES converged after 4 iterations.
Belos Block GMRES converged after 4 iterations.
Belos Block GMRES converged after 4 iterations.
Belos Block GMRES converged after 4 iterations.
Belos Block GMRES converged after 4 iterations.
Belos Block GMRES converged after 4 iterations.
Belos Block GMRES converged after 4 iterations.
Belos Block GMRES converged after 4 iterations.
Belos Block GMRES converged after 4 iterations.
Belos Block GMRES converged after 4 iterations.
Belos Block GMRES converged after 4 iterations.
Belos Block GMRES converged after 4 iterations.
Belos Block GMRES converged after 4 iterations.
Belos Block GMRES converged after 4 iterations.
Belos Block GMRES converged after 4 iterations.
Belos Block GMRES converged after 4 iterations.
Belos Block GMRES converged after 4 iterations.
Belos Block GMRES converged after 4 iterations.
Belos Block GMRES converged after 3 iterations.
Belos Block GMRES converged after 4 iterations.
Belos Block GMRES converged after 3 iterations.
Belos Block GMRES converged after 4 iterations.
Belos Block GMRES converged after 3 iterations.
Belos Block GMRES converged after 4 iterations.
Belos Block GMRES converged after 3 iterations.
Belos Block GMRES converged after 4 iterations.
Belos Block GMRES converged after 3 iterations.
Belos Block GMRES converged after 4 iterations.
Belos Block GMRES converged after 3 iterations.
Belos Block GMRES converged after 3 iterations.
Belos Block GMRES converged after 4 iterations.
Belos Block GMRES converged after 3 iterations.
Belos Block GMRES converged after 3 iterations.
Belos Block GMRES converged after 3 iterations.
Belos Block GMRES converged after 4 iterations.
Belos Block GMRES converged after 4 iterations.
Belos Block GMRES converged after 3 iterations.
Belos Block GMRES converged after 3 iterations.
Belos Block GMRES converged after 3 iterations.
Belos Block GMRES converged after 3 iterations.
Belos Block GMRES converged after 3 iterations.
Belos Block GMRES converged after 3 iterations.
Belos Block GMRES converged after 3 iterations.
Belos Block GMRES converged after 3 iterations.
Belos Block GMRES converged after 3 iterations.
Belos Block GMRES converged after 3 iterations.
Belos Block GMRES converged after 3 iterations.
Belos Block GMRES converged after 3 iterations.
Belos Block GMRES converged after 3 iterations.
Belos Block GMRES converged after 3 iterations.
Belos Block GMRES converged after 3 iterations.
Belos Block GMRES converged after 3 iterations.
Belos Block GMRES converged after 3 iterations.
Belos Block GMRES converged after 3 iterations.
Belos Block GMRES converged after 3 iterations.
Belos Block GMRES converged after 4 iterations.
Belos Block GMRES converged after 4 iterations.
Belos Block GMRES converged after 4 iterations.
Belos Block GMRES converged after 4 iterations.
Belos Block GMRES converged after 4 iterations.
Belos Block GMRES converged after 4 iterations.
Belos Block GMRES converged after 4 iterations.
Belos Block GMRES converged after 4 iterations.
Belos Block GMRES converged after 4 iterations.
Belos Block GMRES converged after 4 iterations.
Belos Block GMRES converged after 4 iterations.
Belos Block GMRES converged after 4 iterations.
Belos Block GMRES converged after 4 iterations.
Belos Block GMRES converged after 4 iterations.
Belos Block GMRES converged after 4 iterations.
Belos Block GMRES converged after 4 iterations.
Belos Block GMRES converged after 4 iterations.
Belos Block GMRES converged after 4 iterations.
Belos Block GMRES converged after 4 iterations.
Belos Block GMRES converged after 3 iterations.
Belos Block GMRES converged after 4 iterations.
Belos Block GMRES converged after 3 iterations.
Belos Block GMRES converged after 3 iterations.
Belos Block GMRES converged after 3 iterations.
Belos Block GMRES converged after 3 iterations.
Belos Block GMRES converged after 3 iterations.
Belos Block GMRES converged after 3 iterations.
Belos Block GMRES converged after 3 iterations.
Belos Block GMRES converged after 4 iterations.
Belos Block GMRES converged after 3 iterations.
Belos Block GMRES converged after 3 iterations.
Belos Block GMRES converged after 3 iterations.
Belos Block GMRES converged after 3 iterations.
Belos Block GMRES converged after 3 iterations.
Belos Block GMRES converged after 3 iterations.
Belos Block GMRES converged after 4 iterations.
Belos Block GMRES converged after 3 iterations.
Belos Block GMRES converged after 3 iterations.
Belos Block GMRES converged after 3 iterations.
Belos Block GMRES converged after 3 iterations.
Belos Block GMRES converged after 3 iterations.
Belos Block GMRES converged after 3 iterations.
Belos Block GMRES converged after 3 iterations.
Belos Block GMRES converged after 3 iterations.
Belos Block GMRES converged after 3 iterations.
Belos Block GMRES converged after 3 iterations.
Belos Block GMRES converged after 3 iterations.
Belos Block GMRES converged after 3 iterations.
Belos Block GMRES converged after 3 iterations.
Belos Block GMRES converged after 3 iterations.
Belos Block GMRES converged after 3 iterations.
Belos Block GMRES converged after 3 iterations.
Belos Block GMRES converged after 3 iterations.
Belos Block GMRES converged after 3 iterations.
Belos Block GMRES converged after 3 iterations.
Belos Block GMRES converged after 3 iterations.
>>> Eigenvalue Iteration    8 has an estimated eigenvalue of 1.0970827935e+00
>>>         with a relative error in k-eff of  3.255002e-05
>>>        and an absolute error in k-eff of  3.570891e-05
