=============================================
       Omnibus: the Exnihilo front-end       
       (c) ORNL, UT-Battelle, 2007-2016      
---------------------------------------------
Exnihilo 6.2 (r30663: #0a3a0e6b on 2017MAY04)
Scale 6.3 (r22875: #1c783b6b on 2017APR25)
built on 2017MAY04
with machine 'mod-condo-login02.ornl.gov' running Linux version 3.10.0-327.4.4.el7.x86_64 (x86_64)
=============================================

*** The Exnihilo software revision (r30641) used to generate the input file differs from this version being used to run it (r30663).
*** This could cause internal consistency checks to unexpectedly fail, and it could even lead to unexpected database value changes.
*** Please check your output very carefully after this run to make sure the interpreted values match your input values.
::: Building model
*** No composition data is present in the Mesh model at '/lustre/hydra/cades-nsed-scale/tut/c5g7_precon/c5g7_small_mesh.h5'
>>> Creating default boundary mesh from (0 0 0) to (64.26 64.26 64.26) for Mesh geometry
::: Building physics 'mg'
::: Building Denovo solver internals
::: Loading matids from mesh model
::: Mixing Denovo cross sections
::: Initializing Denovo solver
>>> Constructing Denovo state vector with 56 groups, 530604 cells, 4 moments, 1 unknowns per cell
>>> Forcing full upscatter partitioning for RQI
::: Running Denovo transport calculation
>>> Beginning Rayleigh Quotient Iteration
Belos Block GMRES converged after 13 iterations.
>>> Forward groups 0-55 finished in   13 Belos Block GMRES iterations.
Belos Block GMRES converged after 4 iterations.
Belos Block GMRES converged after 4 iterations.
Belos Block GMRES converged after 4 iterations.
Belos Block GMRES converged after 4 iterations.
Belos Block GMRES converged after 4 iterations.
Belos Block GMRES converged after 4 iterations.
Belos Block GMRES converged after 4 iterations.
Belos Block GMRES converged after 4 iterations.
Belos Block GMRES converged after 4 iterations.
Belos Block GMRES converged after 4 iterations.
Belos Block GMRES converged after 4 iterations.
Belos Block GMRES converged after 4 iterations.
Belos Block GMRES converged after 4 iterations.
Belos Block GMRES converged after 4 iterations.
Belos Block GMRES converged after 4 iterations.
Belos Block GMRES converged after 4 iterations.
Belos Block GMRES converged after 3 iterations.
Belos Block GMRES converged after 3 iterations.
Belos Block GMRES converged after 3 iterations.
Belos Block GMRES converged after 3 iterations.
Belos Block GMRES converged after 3 iterations.
Belos Block GMRES converged after 3 iterations.
Belos Block GMRES converged after 3 iterations.
Belos Block GMRES converged after 3 iterations.
Belos Block GMRES converged after 3 iterations.
Belos Block GMRES converged after 3 iterations.
Belos Block GMRES converged after 3 iterations.
Belos Block GMRES converged after 3 iterations.
Belos Block GMRES converged after 3 iterations.
Belos Block GMRES converged after 3 iterations.
Belos Block GMRES converged after 3 iterations.
Belos Block GMRES converged after 3 iterations.
Belos Block GMRES converged after 3 iterations.
Belos Block GMRES converged after 3 iterations.
Belos Block GMRES converged after 3 iterations.
Belos Block GMRES converged after 3 iterations.
Belos Block GMRES converged after 3 iterations.
Belos Block GMRES converged after 3 iterations.
Belos Block GMRES converged after 3 iterations.
Belos Block GMRES converged after 3 iterations.
Belos Block GMRES converged after 3 iterations.
Belos Block GMRES converged after 3 iterations.
Belos Block GMRES converged after 3 iterations.
Belos Block GMRES converged after 3 iterations.
Belos Block GMRES converged after 3 iterations.
Belos Block GMRES converged after 3 iterations.
Belos Block GMRES converged after 3 iterations.
Belos Block GMRES converged after 3 iterations.
Belos Block GMRES converged after 3 iterations.
Belos Block GMRES converged after 3 iterations.
Belos Block GMRES converged after 3 iterations.
Belos Block GMRES converged after 3 iterations.
Belos Block GMRES converged after 3 iterations.
Belos Block GMRES converged after 3 iterations.
Belos Block GMRES converged after 3 iterations.
Belos Block GMRES converged after 3 iterations.
Belos Block GMRES converged after 4 iterations.
Belos Block GMRES converged after 4 iterations.
Belos Block GMRES converged after 4 iterations.
Belos Block GMRES converged after 4 iterations.
Belos Block GMRES converged after 4 iterations.
Belos Block GMRES converged after 4 iterations.
Belos Block GMRES converged after 4 iterations.
Belos Block GMRES converged after 4 iterations.
Belos Block GMRES converged after 4 iterations.
Belos Block GMRES converged after 4 iterations.
Belos Block GMRES converged after 4 iterations.
Belos Block GMRES converged after 4 iterations.
Belos Block GMRES converged after 4 iterations.
Belos Block GMRES converged after 4 iterations.
Belos Block GMRES converged after 4 iterations.
Belos Block GMRES converged after 4 iterations.
Belos Block GMRES converged after 3 iterations.
Belos Block GMRES converged after 3 iterations.
Belos Block GMRES converged after 3 iterations.
Belos Block GMRES converged after 3 iterations.
Belos Block GMRES converged after 3 iterations.
Belos Block GMRES converged after 3 iterations.
Belos Block GMRES converged after 3 iterations.
Belos Block GMRES converged after 3 iterations.
Belos Block GMRES converged after 3 iterations.
Belos Block GMRES converged after 3 iterations.
Belos Block GMRES converged after 3 iterations.
Belos Block GMRES converged after 3 iterations.
Belos Block GMRES converged after 3 iterations.
Belos Block GMRES converged after 3 iterations.
Belos Block GMRES converged after 3 iterations.
Belos Block GMRES converged after 3 iterations.
Belos Block GMRES converged after 3 iterations.
Belos Block GMRES converged after 3 iterations.
Belos Block GMRES converged after 3 iterations.
Belos Block GMRES converged after 3 iterations.
Belos Block GMRES converged after 3 iterations.
Belos Block GMRES converged after 3 iterations.
Belos Block GMRES converged after 3 iterations.
Belos Block GMRES converged after 3 iterations.
Belos Block GMRES converged after 3 iterations.
Belos Block GMRES converged after 3 iterations.
Belos Block GMRES converged after 3 iterations.
Belos Block GMRES converged after 3 iterations.
Belos Block GMRES converged after 3 iterations.
Belos Block GMRES converged after 3 iterations.
Belos Block GMRES converged after 3 iterations.
Belos Block GMRES converged after 3 iterations.
Belos Block GMRES converged after 3 iterations.
Belos Block GMRES converged after 3 iterations.
Belos Block GMRES converged after 3 iterations.
Belos Block GMRES converged after 3 iterations.
Belos Block GMRES converged after 3 iterations.
Belos Block GMRES converged after 3 iterations.
Belos Block GMRES converged after 3 iterations.
Belos Block GMRES converged after 3 iterations.
>>> Eigenvalue Iteration    1 has an estimated eigenvalue of 1.0361048509e+00
>>>         with a relative error in k-eff of  3.610485e-02
>>>        and an absolute error in k-eff of  3.610485e-02
Belos Block GMRES converged after 27 iterations.
>>> Forward groups 0-55 finished in   27 Belos Block GMRES iterations.
Belos Block GMRES converged after 4 iterations.
Belos Block GMRES converged after 4 iterations.
Belos Block GMRES converged after 4 iterations.
Belos Block GMRES converged after 4 iterations.
Belos Block GMRES converged after 4 iterations.
Belos Block GMRES converged after 4 iterations.
Belos Block GMRES converged after 4 iterations.
Belos Block GMRES converged after 4 iterations.
Belos Block GMRES converged after 4 iterations.
Belos Block GMRES converged after 4 iterations.
Belos Block GMRES converged after 4 iterations.
Belos Block GMRES converged after 4 iterations.
Belos Block GMRES converged after 4 iterations.
Belos Block GMRES converged after 4 iterations.
Belos Block GMRES converged after 4 iterations.
Belos Block GMRES converged after 4 iterations.
Belos Block GMRES converged after 4 iterations.
Belos Block GMRES converged after 4 iterations.
Belos Block GMRES converged after 4 iterations.
Belos Block GMRES converged after 3 iterations.
Belos Block GMRES converged after 4 iterations.
Belos Block GMRES converged after 3 iterations.
Belos Block GMRES converged after 4 iterations.
Belos Block GMRES converged after 3 iterations.
Belos Block GMRES converged after 4 iterations.
Belos Block GMRES converged after 3 iterations.
Belos Block GMRES converged after 4 iterations.
Belos Block GMRES converged after 3 iterations.
Belos Block GMRES converged after 4 iterations.
Belos Block GMRES converged after 3 iterations.
Belos Block GMRES converged after 3 iterations.
Belos Block GMRES converged after 4 iterations.
Belos Block GMRES converged after 3 iterations.
Belos Block GMRES converged after 3 iterations.
Belos Block GMRES converged after 3 iterations.
Belos Block GMRES converged after 4 iterations.
Belos Block GMRES converged after 4 iterations.
Belos Block GMRES converged after 3 iterations.
Belos Block GMRES converged after 3 iterations.
Belos Block GMRES converged after 3 iterations.
Belos Block GMRES converged after 3 iterations.
Belos Block GMRES converged after 3 iterations.
Belos Block GMRES converged after 3 iterations.
Belos Block GMRES converged after 3 iterations.
Belos Block GMRES converged after 3 iterations.
Belos Block GMRES converged after 3 iterations.
Belos Block GMRES converged after 3 iterations.
Belos Block GMRES converged after 3 iterations.
Belos Block GMRES converged after 3 iterations.
Belos Block GMRES converged after 3 iterations.
Belos Block GMRES converged after 3 iterations.
Belos Block GMRES converged after 3 iterations.
Belos Block GMRES converged after 3 iterations.
Belos Block GMRES converged after 3 iterations.
Belos Block GMRES converged after 3 iterations.
Belos Block GMRES converged after 3 iterations.
Belos Block GMRES converged after 4 iterations.
Belos Block GMRES converged after 4 iterations.
Belos Block GMRES converged after 4 iterations.
Belos Block GMRES converged after 4 iterations.
Belos Block GMRES converged after 4 iterations.
Belos Block GMRES converged after 4 iterations.
Belos Block GMRES converged after 4 iterations.
Belos Block GMRES converged after 4 iterations.
Belos Block GMRES converged after 4 iterations.
Belos Block GMRES converged after 4 iterations.
Belos Block GMRES converged after 4 iterations.
Belos Block GMRES converged after 4 iterations.
Belos Block GMRES converged after 4 iterations.
Belos Block GMRES converged after 4 iterations.
Belos Block GMRES converged after 4 iterations.
Belos Block GMRES converged after 4 iterations.
Belos Block GMRES converged after 4 iterations.
Belos Block GMRES converged after 4 iterations.
Belos Block GMRES converged after 4 iterations.
Belos Block GMRES converged after 3 iterations.
Belos Block GMRES converged after 4 iterations.
Belos Block GMRES converged after 3 iterations.
Belos Block GMRES converged after 4 iterations.
Belos Block GMRES converged after 3 iterations.
Belos Block GMRES converged after 4 iterations.
Belos Block GMRES converged after 3 iterations.
Belos Block GMRES converged after 3 iterations.
Belos Block GMRES converged after 3 iterations.
Belos Block GMRES converged after 4 iterations.
Belos Block GMRES converged after 3 iterations.
Belos Block GMRES converged after 3 iterations.
Belos Block GMRES converged after 4 iterations.
Belos Block GMRES converged after 3 iterations.
Belos Block GMRES converged after 3 iterations.
Belos Block GMRES converged after 3 iterations.
Belos Block GMRES converged after 4 iterations.
Belos Block GMRES converged after 4 iterations.
Belos Block GMRES converged after 3 iterations.
Belos Block GMRES converged after 3 iterations.
Belos Block GMRES converged after 3 iterations.
Belos Block GMRES converged after 3 iterations.
Belos Block GMRES converged after 3 iterations.
Belos Block GMRES converged after 3 iterations.
Belos Block GMRES converged after 3 iterations.
Belos Block GMRES converged after 3 iterations.
Belos Block GMRES converged after 3 iterations.
Belos Block GMRES converged after 3 iterations.
Belos Block GMRES converged after 3 iterations.
Belos Block GMRES converged after 3 iterations.
Belos Block GMRES converged after 3 iterations.
Belos Block GMRES converged after 3 iterations.
Belos Block GMRES converged after 3 iterations.
Belos Block GMRES converged after 3 iterations.
Belos Block GMRES converged after 3 iterations.
Belos Block GMRES converged after 3 iterations.
Belos Block GMRES converged after 3 iterations.
>>> Eigenvalue Iteration    2 has an estimated eigenvalue of 1.0950618767e+00
>>>         with a relative error in k-eff of  5.690257e-02
>>>        and an absolute error in k-eff of  5.895703e-02
Belos Block GMRES converged after 29 iterations.
>>> Forward groups 0-55 finished in   29 Belos Block GMRES iterations.
Belos Block GMRES converged after 4 iterations.
Belos Block GMRES converged after 4 iterations.
Belos Block GMRES converged after 4 iterations.
Belos Block GMRES converged after 4 iterations.
Belos Block GMRES converged after 4 iterations.
Belos Block GMRES converged after 4 iterations.
Belos Block GMRES converged after 4 iterations.
Belos Block GMRES converged after 4 iterations.
Belos Block GMRES converged after 4 iterations.
Belos Block GMRES converged after 4 iterations.
Belos Block GMRES converged after 4 iterations.
Belos Block GMRES converged after 4 iterations.
Belos Block GMRES converged after 4 iterations.
Belos Block GMRES converged after 4 iterations.
Belos Block GMRES converged after 4 iterations.
Belos Block GMRES converged after 4 iterations.
Belos Block GMRES converged after 4 iterations.
Belos Block GMRES converged after 4 iterations.
Belos Block GMRES converged after 4 iterations.
Belos Block GMRES converged after 3 iterations.
Belos Block GMRES converged after 4 iterations.
Belos Block GMRES converged after 3 iterations.
Belos Block GMRES converged after 4 iterations.
Belos Block GMRES converged after 3 iterations.
Belos Block GMRES converged after 4 iterations.
Belos Block GMRES converged after 3 iterations.
Belos Block GMRES converged after 4 iterations.
Belos Block GMRES converged after 3 iterations.
Belos Block GMRES converged after 4 iterations.
Belos Block GMRES converged after 3 iterations.
Belos Block GMRES converged after 3 iterations.
Belos Block GMRES converged after 4 iterations.
Belos Block GMRES converged after 3 iterations.
Belos Block GMRES converged after 3 iterations.
Belos Block GMRES converged after 3 iterations.
Belos Block GMRES converged after 4 iterations.
Belos Block GMRES converged after 4 iterations.
Belos Block GMRES converged after 3 iterations.
Belos Block GMRES converged after 3 iterations.
Belos Block GMRES converged after 3 iterations.
Belos Block GMRES converged after 3 iterations.
Belos Block GMRES converged after 3 iterations.
Belos Block GMRES converged after 3 iterations.
Belos Block GMRES converged after 3 iterations.
Belos Block GMRES converged after 3 iterations.
Belos Block GMRES converged after 3 iterations.
Belos Block GMRES converged after 3 iterations.
Belos Block GMRES converged after 3 iterations.
Belos Block GMRES converged after 3 iterations.
Belos Block GMRES converged after 3 iterations.
Belos Block GMRES converged after 3 iterations.
Belos Block GMRES converged after 3 iterations.
Belos Block GMRES converged after 3 iterations.
Belos Block GMRES converged after 3 iterations.
Belos Block GMRES converged after 3 iterations.
Belos Block GMRES converged after 3 iterations.
Belos Block GMRES converged after 4 iterations.
Belos Block GMRES converged after 4 iterations.
Belos Block GMRES converged after 4 iterations.
Belos Block GMRES converged after 4 iterations.
Belos Block GMRES converged after 4 iterations.
Belos Block GMRES converged after 4 iterations.
Belos Block GMRES converged after 4 iterations.
Belos Block GMRES converged after 4 iterations.
Belos Block GMRES converged after 4 iterations.
Belos Block GMRES converged after 4 iterations.
Belos Block GMRES converged after 4 iterations.
Belos Block GMRES converged after 4 iterations.
Belos Block GMRES converged after 4 iterations.
Belos Block GMRES converged after 4 iterations.
Belos Block GMRES converged after 4 iterations.
Belos Block GMRES converged after 4 iterations.
Belos Block GMRES converged after 4 iterations.
Belos Block GMRES converged after 4 iterations.
Belos Block GMRES converged after 4 iterations.
Belos Block GMRES converged after 3 iterations.
Belos Block GMRES converged after 4 iterations.
Belos Block GMRES converged after 3 iterations.
Belos Block GMRES converged after 3 iterations.
Belos Block GMRES converged after 3 iterations.
Belos Block GMRES converged after 3 iterations.
Belos Block GMRES converged after 3 iterations.
Belos Block GMRES converged after 3 iterations.
Belos Block GMRES converged after 3 iterations.
Belos Block GMRES converged after 4 iterations.
Belos Block GMRES converged after 3 iterations.
Belos Block GMRES converged after 3 iterations.
Belos Block GMRES converged after 3 iterations.
Belos Block GMRES converged after 3 iterations.
Belos Block GMRES converged after 3 iterations.
Belos Block GMRES converged after 3 iterations.
Belos Block GMRES converged after 4 iterations.
Belos Block GMRES converged after 3 iterations.
Belos Block GMRES converged after 3 iterations.
Belos Block GMRES converged after 3 iterations.
Belos Block GMRES converged after 3 iterations.
Belos Block GMRES converged after 3 iterations.
Belos Block GMRES converged after 3 iterations.
Belos Block GMRES converged after 3 iterations.
Belos Block GMRES converged after 3 iterations.
Belos Block GMRES converged after 3 iterations.
Belos Block GMRES converged after 3 iterations.
Belos Block GMRES converged after 3 iterations.
Belos Block GMRES converged after 3 iterations.
Belos Block GMRES converged after 3 iterations.
Belos Block GMRES converged after 3 iterations.
Belos Block GMRES converged after 3 iterations.
Belos Block GMRES converged after 3 iterations.
Belos Block GMRES converged after 3 iterations.
Belos Block GMRES converged after 3 iterations.
Belos Block GMRES converged after 3 iterations.
Belos Block GMRES converged after 3 iterations.
>>> Eigenvalue Iteration    3 has an estimated eigenvalue of 1.0970467845e+00
>>>         with a relative error in k-eff of  1.812599e-03
>>>        and an absolute error in k-eff of  1.984908e-03
Belos Block GMRES converged after 39 iterations.
>>> Forward groups 0-55 finished in   39 Belos Block GMRES iterations.
Belos Block GMRES converged after 4 iterations.
Belos Block GMRES converged after 4 iterations.
Belos Block GMRES converged after 4 iterations.
Belos Block GMRES converged after 4 iterations.
Belos Block GMRES converged after 4 iterations.
Belos Block GMRES converged after 4 iterations.
Belos Block GMRES converged after 4 iterations.
Belos Block GMRES converged after 4 iterations.
Belos Block GMRES converged after 4 iterations.
Belos Block GMRES converged after 4 iterations.
Belos Block GMRES converged after 4 iterations.
Belos Block GMRES converged after 4 iterations.
Belos Block GMRES converged after 4 iterations.
Belos Block GMRES converged after 4 iterations.
Belos Block GMRES converged after 4 iterations.
Belos Block GMRES converged after 4 iterations.
Belos Block GMRES converged after 4 iterations.
Belos Block GMRES converged after 4 iterations.
Belos Block GMRES converged after 4 iterations.
Belos Block GMRES converged after 3 iterations.
Belos Block GMRES converged after 4 iterations.
Belos Block GMRES converged after 3 iterations.
Belos Block GMRES converged after 4 iterations.
Belos Block GMRES converged after 3 iterations.
Belos Block GMRES converged after 4 iterations.
Belos Block GMRES converged after 3 iterations.
Belos Block GMRES converged after 4 iterations.
Belos Block GMRES converged after 3 iterations.
Belos Block GMRES converged after 4 iterations.
Belos Block GMRES converged after 3 iterations.
Belos Block GMRES converged after 3 iterations.
Belos Block GMRES converged after 4 iterations.
Belos Block GMRES converged after 3 iterations.
Belos Block GMRES converged after 3 iterations.
Belos Block GMRES converged after 3 iterations.
Belos Block GMRES converged after 4 iterations.
Belos Block GMRES converged after 4 iterations.
Belos Block GMRES converged after 3 iterations.
Belos Block GMRES converged after 3 iterations.
Belos Block GMRES converged after 3 iterations.
Belos Block GMRES converged after 3 iterations.
Belos Block GMRES converged after 3 iterations.
Belos Block GMRES converged after 3 iterations.
Belos Block GMRES converged after 3 iterations.
Belos Block GMRES converged after 3 iterations.
Belos Block GMRES converged after 3 iterations.
Belos Block GMRES converged after 3 iterations.
Belos Block GMRES converged after 3 iterations.
Belos Block GMRES converged after 3 iterations.
Belos Block GMRES converged after 3 iterations.
Belos Block GMRES converged after 3 iterations.
Belos Block GMRES converged after 3 iterations.
Belos Block GMRES converged after 3 iterations.
Belos Block GMRES converged after 3 iterations.
Belos Block GMRES converged after 3 iterations.
Belos Block GMRES converged after 3 iterations.
Belos Block GMRES converged after 4 iterations.
Belos Block GMRES converged after 4 iterations.
Belos Block GMRES converged after 4 iterations.
Belos Block GMRES converged after 4 iterations.
Belos Block GMRES converged after 4 iterations.
Belos Block GMRES converged after 4 iterations.
Belos Block GMRES converged after 4 iterations.
Belos Block GMRES converged after 4 iterations.
Belos Block GMRES converged after 4 iterations.
Belos Block GMRES converged after 4 iterations.
Belos Block GMRES converged after 4 iterations.
Belos Block GMRES converged after 4 iterations.
Belos Block GMRES converged after 4 iterations.
Belos Block GMRES converged after 4 iterations.
Belos Block GMRES converged after 4 iterations.
Belos Block GMRES converged after 4 iterations.
Belos Block GMRES converged after 4 iterations.
Belos Block GMRES converged after 4 iterations.
Belos Block GMRES converged after 4 iterations.
Belos Block GMRES converged after 3 iterations.
Belos Block GMRES converged after 4 iterations.
Belos Block GMRES converged after 3 iterations.
Belos Block GMRES converged after 3 iterations.
Belos Block GMRES converged after 3 iterations.
Belos Block GMRES converged after 3 iterations.
Belos Block GMRES converged after 3 iterations.
Belos Block GMRES converged after 3 iterations.
Belos Block GMRES converged after 3 iterations.
Belos Block GMRES converged after 4 iterations.
Belos Block GMRES converged after 3 iterations.
Belos Block GMRES converged after 3 iterations.
Belos Block GMRES converged after 3 iterations.
Belos Block GMRES converged after 3 iterations.
Belos Block GMRES converged after 3 iterations.
Belos Block GMRES converged after 3 iterations.
Belos Block GMRES converged after 4 iterations.
Belos Block GMRES converged after 3 iterations.
Belos Block GMRES converged after 3 iterations.
Belos Block GMRES converged after 3 iterations.
Belos Block GMRES converged after 3 iterations.
Belos Block GMRES converged after 3 iterations.
Belos Block GMRES converged after 3 iterations.
Belos Block GMRES converged after 3 iterations.
Belos Block GMRES converged after 3 iterations.
Belos Block GMRES converged after 3 iterations.
Belos Block GMRES converged after 3 iterations.
Belos Block GMRES converged after 3 iterations.
Belos Block GMRES converged after 3 iterations.
Belos Block GMRES converged after 3 iterations.
Belos Block GMRES converged after 3 iterations.
Belos Block GMRES converged after 3 iterations.
Belos Block GMRES converged after 3 iterations.
Belos Block GMRES converged after 3 iterations.
Belos Block GMRES converged after 3 iterations.
Belos Block GMRES converged after 3 iterations.
Belos Block GMRES converged after 3 iterations.
>>> Eigenvalue Iteration    4 has an estimated eigenvalue of 1.0970471717e+00
>>>         with a relative error in k-eff of  3.529266e-07
>>>        and an absolute error in k-eff of  3.871770e-07
>>> Writing Silo file to 289 concurrent files using material volume fractions
::: Writing Denovo HDF5 output
>>> PBS run complete
