Thu Jun 29 16:18:47 EDT 2017
job ID = 3472836
mpi nodes = 392
mpi cores = 16
working directory = /lustre/atlas2/csc254/proj-shared/tut/tmp_analysis/rqi-titan-bw1484/rqi-precon/1
executable = /lustre/atlas/proj-shared/nfi011/Exnihilo/installs/Exnihilo.20170607/bin/neutronics

/lustre/atlas2/csc254/proj-shared/tut/tmp_analysis/rqi-titan-bw1484/rqi-precon/1
-rw-r--r-- 1 tut csc254 23551 Jun 17 08:38 bw1484_small.xml
-rwxr-xr-x 1 tut nfi011 947571145 Jun  7 10:54 /lustre/atlas/proj-shared/nfi011/Exnihilo/installs/Exnihilo.20170607/bin/neutronics
=======================================
    Denovo-Neutronics, CASL VERA-CS    
    (C) ORNL, Battelle, 2007-2014      
---------------------------------------
Version  : 6.2 (r31197: #adcd8af4 on 2017JUN06)
Built on : 2017JUN07
=======================================
>>> Loading SCALE Standard Composition Library from /lustre/atlas/proj-shared/nfi011/Exnihilo/scale/scale.rev39.sclib
>>> Splitting compound 6000 into at% {6012: 0.9893, 6013: 0.0107}
The following depletable materials besides fuel were found: b4c, 
>>> Loading AMPX library at '/lustre/atlas/proj-shared/nfi011/Exnihilo/scale/scale.rev04.xn56v7.1'
>>> Retained 28 of 457 nuclides on the master AMPX library
>>> Forcing full upscatter partitioning for RQI
############################################################
Path: /Neutronics_PL->INSILICO

Database for Neutronics_PL->INSILICO has:
        13 integer entries
         3 double entries
        14 bool entries
         7 string entries
         2 vector<int> entries
         6 vector<double> entries
         3 nested database entries

============================================================
Entries in                  Neutronics_PL->INSILICO database
============================================================
integer entries
------------------------------------------------------------
                           Pn_order                        0
                          dimension                        3
                        first_group                        0
                         last_group                       55
                               mesh                        8
                     neutron_groups                       56
                       num_blocks_i                       56
                       num_blocks_j                       56
                     num_fuel_rings                        1
                         num_groups                        1
                           num_sets                        1
                       num_z_blocks                       22
                      photon_groups                        0

double entries
------------------------------------------------------------
                     axial_geom_eps                     0.01
                        max_delta_z                        1
                    radial_geom_eps                   0.0001

bool entries
------------------------------------------------------------
                      Pn_correction                        0
                            adjoint                        0
                    cell_homogenize                        0
                 create_unique_pins                        0
                       do_depletion                        0
                          do_output                        0
                       do_transport                        1
                        downscatter                        0
                    homogenize_mesh                        0
                partition_upscatter                        0
                   pin_partitioning                        0
               store_fulcrum_string                        0
                           use_cuda                        0
                       use_symmetry                        0

string entries
------------------------------------------------------------
                           boundary                   vacuum
                             eq_set                       sc
                         global_log                     info
                          local_log                    error
                       problem_name    out_bw1484_Arnoldi_sn
                       problem_type               EIGENVALUE
                         xs_library                    v7-56

vector<int> entries                   (number of elements)
------------------------------------------------------------
                          orig_zaid                        0
                          subs_zaid                        0

vector<double> entries                (number of elements)
------------------------------------------------------------
                  axial_edit_bounds                       14
                        neutron_bnd                       57
                         photon_bnd                        0
                            x_edges                      337
                            y_edges                      337
                            z_edges                      155

############################################################
Path: /Neutronics_PL->INSILICO/quadrature_db

Database for quadrature_db has:
         3 integer entries
         1 double entries
         1 bool entries
         2 string entries
         0 vector<int> entries
         0 vector<double> entries
         0 nested database entries

============================================================
Entries in                            quadrature_db database
============================================================
integer entries
------------------------------------------------------------
                           Pn_order                        0
                  azimuthals_octant                        6
                      polars_octant                        8

double entries
------------------------------------------------------------
                          quad_norm                  12.5664

bool entries
------------------------------------------------------------
                            adjoint                        0

string entries
------------------------------------------------------------
                         polar_axis                        z
                          quad_type                       qr

############################################################
############################################################
Path: /Neutronics_PL->INSILICO/silo

Database for silo has:
         0 integer entries
         0 double entries
         3 bool entries
         1 string entries
         0 vector<int> entries
         0 vector<double> entries
         0 nested database entries

============================================================
Entries in                                     silo database
============================================================
bool entries
------------------------------------------------------------
                       mixing_table                        0
                     silo_out_power                        0
                zero_indexed_groups                        0

string entries
------------------------------------------------------------
                        silo_output    out_bw1484_Arnoldi_sn

############################################################
############################################################
Path: /Neutronics_PL->INSILICO/solver_db

Database for solver_db has:
         1 integer entries
         4 double entries
         0 bool entries
         3 string entries
         0 vector<int> entries
         0 vector<double> entries
         2 nested database entries

============================================================
Entries in                                solver_db database
============================================================
integer entries
------------------------------------------------------------
                            max_itr                     1000

double entries
------------------------------------------------------------
                  fission_tolerance                        1
                        k_tolerance                    1e-05
                               keff                        1
                          tolerance                    1e-05

string entries
------------------------------------------------------------
                              _type               eigenvalue
                             solver        rayleigh_quotient
                          verbosity                     high

############################################################
Path: /Neutronics_PL->INSILICO/solver_db/upscatter_db

Database for upscatter_db has:
         2 integer entries
         1 double entries
         1 bool entries
         2 string entries
         0 vector<int> entries
         0 vector<double> entries
         1 nested database entries

============================================================
Entries in                             upscatter_db database
============================================================
integer entries
------------------------------------------------------------
                            max_itr                      100
                      subspace_size                      100

double entries
------------------------------------------------------------
                          tolerance                    1e-05

bool entries
------------------------------------------------------------
                iterate_downscatter                        0

string entries
------------------------------------------------------------
                             solver                    gmres
                          verbosity                     high

############################################################
Path: /Neutronics_PL->INSILICO/solver_db/upscatter_db/preconditioner_db

Database for preconditioner_db has:
         2 integer entries
         1 double entries
         0 bool entries
         2 string entries
         0 vector<int> entries
         0 vector<double> entries
         1 nested database entries

============================================================
Entries in                        preconditioner_db database
============================================================
integer entries
------------------------------------------------------------
                       num_v_cycles                        1
                        relax_count                        2

double entries
------------------------------------------------------------
                       relax_weight                      1.2

string entries
------------------------------------------------------------
                              _type               multilevel
                          verbosity                     high

############################################################
Path: /Neutronics_PL->INSILICO/solver_db/upscatter_db/preconditioner_db/quadrature_db

Database for quadrature_db has:
         3 integer entries
         1 double entries
         1 bool entries
         2 string entries
         0 vector<int> entries
         0 vector<double> entries
         0 nested database entries

============================================================
Entries in                            quadrature_db database
============================================================
integer entries
------------------------------------------------------------
                           Pn_order                        0
                  azimuthals_octant                        1
                      polars_octant                        1

double entries
------------------------------------------------------------
                          quad_norm                  12.5664

bool entries
------------------------------------------------------------
                            adjoint                        0

string entries
------------------------------------------------------------
                         polar_axis                        z
                          quad_type                       qr

############################################################
############################################################
############################################################
############################################################
Path: /Neutronics_PL->INSILICO/solver_db/within_group_db

Database for within_group_db has:
         2 integer entries
         1 double entries
         0 bool entries
         1 string entries
         0 vector<int> entries
         0 vector<double> entries
         0 nested database entries

============================================================
Entries in                          within_group_db database
============================================================
integer entries
------------------------------------------------------------
                            max_itr                     1000
                      subspace_size                       20

double entries
------------------------------------------------------------
                          tolerance                   0.0001

string entries
------------------------------------------------------------
                             solver                    GMRES

############################################################
############################################################
############################################################
=================================
     GLOBAL MESH DESCRIPTION     
=================================
num cells I                   336
num cells J                   336
num cells K                   154
I-Partitions                   56
J-Partitions                   56
K-Blocks                       22
---------------------------------
Num blocks                   3136
Num cells                17385984
=================================
      MATERIAL DESCRIPTION       
=================================
Clean materials                16
Mixed materials                63
=================================
 MULTILEVEL ENERGY DECOMPOSITION 
=================================
num groups                     56
num solved groups              56
num upscatter groups           20
---------------------------------
num sets                        1
num replicated groups           0
num decomposed groups          56
---------------------------------
Domains (blocks X sets)      3136
=================================
       MEMORY  ALLOCATIONS       
=================================
state                   973615104
(GB)                   7.2540e+00
DoF                  373868199936
(GB)                   2.7855e+03
=================================
>>> Beginning Rayleigh Quotient Iteration

*******************************************************
***** Belos Iterative Solver:  Block Gmres 
***** Maximum Iterations: 100
***** Block Size: 1
***** Residual Test: 
*****   Test 1 : Belos::StatusTestImpResNorm<>: (2-Norm Res Vec) / (2-Norm RHS ), tol = 1e-05
*******************************************************
Iter   0, [ 1] :    1.000000e+00
Iter   1, [ 1] :    2.994018e-01
Iter   2, [ 1] :    2.054850e-01
Iter   3, [ 1] :    1.261484e-01
Iter   4, [ 1] :    7.372193e-02
Iter   5, [ 1] :    5.017088e-02
Iter   6, [ 1] :    3.778504e-02
Iter   7, [ 1] :    1.899882e-02
Iter   8, [ 1] :    1.326560e-02
Iter   9, [ 1] :    1.170831e-02
Iter  10, [ 1] :    6.930590e-03
atpFrontend.exe: main: Build of MRNet network failed 'MRNet: Internal failure'
Iter  11, [ 1] :    4.779887e-03
Iter  12, [ 1] :    4.056688e-03
Iter  13, [ 1] :    2.630410e-03
Iter  14, [ 1] :    2.072506e-03
Iter  15, [ 1] :    1.437434e-03
Iter  16, [ 1] :    1.136968e-03
Iter  17, [ 1] :    8.067451e-04
Iter  18, [ 1] :    6.105915e-04
Iter  19, [ 1] :    4.340903e-04
Iter  20, [ 1] :    3.340150e-04
Iter  21, [ 1] :    2.431302e-04
Iter  22, [ 1] :    1.857343e-04
Iter  23, [ 1] :    1.320544e-04
Iter  24, [ 1] :    1.002860e-04
Iter  25, [ 1] :    7.457680e-05
Iter  26, [ 1] :    5.437662e-05
Iter  27, [ 1] :    4.004011e-05
Iter  28, [ 1] :    2.984523e-05
Iter  29, [ 1] :    2.232689e-05
Iter  30, [ 1] :    1.656325e-05
Iter  31, [ 1] :    1.207940e-05
Iter  32, [ 1] :    9.136879e-06
Passed.......OR Combination -> 
  OK...........Number of Iterations = 32 < 100
  Converged....(2-Norm Res Vec) / (2-Norm RHS )
               residual [ 0 ] = 9.13688e-06 < 1e-05

>>> Forward groups 0-55 finished in   32 Belos Block GMRES iterations.
>>> Eigenvalue Iteration    1 has an estimated eigenvalue of 1.0383442561e+00
>>>         with a relative error in k-eff of  3.834426e-02
>>>        and an absolute error in k-eff of  3.834426e-02

*******************************************************
***** Belos Iterative Solver:  Block Gmres 
***** Maximum Iterations: 100
***** Block Size: 1
***** Residual Test: 
*****   Test 1 : Belos::StatusTestImpResNorm<>: (2-Norm Res Vec) / (2-Norm RHS ), tol = 1e-05
*******************************************************
Iter   0, [ 1] :    1.000000e+00
Iter   1, [ 1] :    3.231271e-01
Iter   2, [ 1] :    2.250928e-01
Iter   3, [ 1] :    1.453946e-01
Iter   4, [ 1] :    9.665387e-02
Iter   5, [ 1] :    8.057737e-02
Iter   6, [ 1] :    8.048269e-02
Iter   7, [ 1] :    8.011839e-02
Iter   8, [ 1] :    7.883831e-02
Iter   9, [ 1] :    7.646833e-02
Iter  10, [ 1] :    7.491763e-02
Iter  11, [ 1] :    7.434816e-02
Iter  12, [ 1] :    7.247730e-02
Iter  13, [ 1] :    7.244554e-02
Iter  14, [ 1] :    7.199449e-02
Iter  15, [ 1] :    7.101844e-02
Iter  16, [ 1] :    7.075856e-02
Iter  17, [ 1] :    6.631174e-02
Iter  18, [ 1] :    5.777237e-02
Iter  19, [ 1] :    5.264793e-02
Iter  20, [ 1] :    5.044887e-02
Iter  21, [ 1] :    5.043004e-02
Iter  22, [ 1] :    4.904013e-02
Iter  23, [ 1] :    4.566043e-02
Iter  24, [ 1] :    4.303349e-02
Iter  25, [ 1] :    4.121789e-02
Iter  26, [ 1] :    3.965090e-02
Iter  27, [ 1] :    3.862279e-02
Iter  28, [ 1] :    3.616720e-02
Iter  29, [ 1] :    3.191518e-02
Iter  30, [ 1] :    3.092313e-02
Iter  31, [ 1] :    3.045219e-02
Iter  32, [ 1] :    2.559429e-02
Iter  33, [ 1] :    2.211385e-02
Iter  34, [ 1] :    1.979090e-02
Iter  35, [ 1] :    1.745543e-02
Iter  36, [ 1] :    1.561911e-02
Iter  37, [ 1] :    1.282052e-02
Iter  38, [ 1] :    1.009458e-02
Iter  39, [ 1] :    8.677037e-03
Iter  40, [ 1] :    7.730703e-03
Iter  41, [ 1] :    6.186886e-03
Iter  42, [ 1] :    4.903591e-03
Iter  43, [ 1] :    4.224143e-03
Iter  44, [ 1] :    3.236529e-03
Iter  45, [ 1] :    2.720252e-03
Iter  46, [ 1] :    2.373486e-03
Iter  47, [ 1] :    1.897629e-03
Iter  48, [ 1] :    1.527363e-03
Iter  49, [ 1] :    1.269394e-03
Iter  50, [ 1] :    1.026889e-03
Iter  51, [ 1] :    8.814414e-04
Iter  52, [ 1] :    7.929004e-04
Iter  53, [ 1] :    6.969157e-04
Iter  54, [ 1] :    5.816926e-04
Iter  55, [ 1] :    4.798337e-04
Iter  56, [ 1] :    4.505361e-04
Iter  57, [ 1] :    4.460995e-04
Iter  58, [ 1] :    4.419466e-04
Iter  59, [ 1] :    4.053916e-04
Iter  60, [ 1] :    3.766575e-04
Iter  61, [ 1] :    3.703587e-04
Iter  62, [ 1] :    3.700464e-04
Iter  63, [ 1] :    3.698462e-04
Iter  64, [ 1] :    3.652241e-04
Iter  65, [ 1] :    3.594847e-04
Iter  66, [ 1] :    3.592017e-04
Iter  67, [ 1] :    3.573426e-04
Iter  68, [ 1] :    3.546800e-04
Iter  69, [ 1] :    3.538641e-04
Iter  70, [ 1] :    3.533154e-04
Iter  71, [ 1] :    3.531712e-04
Iter  72, [ 1] :    3.482256e-04
Iter  73, [ 1] :    3.456039e-04
Iter  74, [ 1] :    3.425877e-04
Iter  75, [ 1] :    3.408748e-04
Iter  76, [ 1] :    3.370702e-04
Iter  77, [ 1] :    3.262464e-04
Iter  78, [ 1] :    3.201313e-04
Iter  79, [ 1] :    3.054439e-04
Iter  80, [ 1] :    2.901630e-04
Iter  81, [ 1] :    2.755520e-04
Iter  82, [ 1] :    2.699817e-04
Iter  83, [ 1] :    2.545755e-04
Iter  84, [ 1] :    2.395902e-04
Iter  85, [ 1] :    2.245940e-04
Iter  86, [ 1] :    2.027867e-04
Iter  87, [ 1] :    1.898608e-04
Iter  88, [ 1] :    1.770006e-04
Iter  89, [ 1] :    1.509513e-04
Iter  90, [ 1] :    1.334587e-04
Iter  91, [ 1] :    1.173708e-04
Iter  92, [ 1] :    9.646745e-05
Iter  93, [ 1] :    8.027846e-05
Iter  94, [ 1] :    6.968026e-05
Iter  95, [ 1] :    5.579526e-05
Iter  96, [ 1] :    4.348332e-05
Iter  97, [ 1] :    3.472053e-05
Iter  98, [ 1] :    2.776006e-05
Iter  99, [ 1] :    2.218301e-05
Iter 100, [ 1] :    1.790334e-05
Passed.......OR Combination -> 
  Failed.......Number of Iterations = 100 == 100
  Unconverged..(2-Norm Res Vec) / (2-Norm RHS )
               residual [ 0 ] = 1.79033e-05 > 1e-05

*** Belos Block GMRES did not converge after 100 iterations.
>>> Forward groups 0-55 finished in  100 Belos Block GMRES iterations.
>>> Eigenvalue Iteration    2 has an estimated eigenvalue of 1.0773643871e+00
>>>         with a relative error in k-eff of  3.757919e-02
>>>        and an absolute error in k-eff of  3.902013e-02

*******************************************************
***** Belos Iterative Solver:  Block Gmres 
***** Maximum Iterations: 100
***** Block Size: 1
***** Residual Test: 
*****   Test 1 : Belos::StatusTestImpResNorm<>: (2-Norm Res Vec) / (2-Norm RHS ), tol = 1e-05
*******************************************************
Iter   0, [ 1] :    1.000000e+00
Iter   1, [ 1] :    3.245594e-01
Iter   2, [ 1] :    2.264761e-01
Iter   3, [ 1] :    1.461338e-01
Iter   4, [ 1] :    9.649694e-02
Iter   5, [ 1] :    7.822892e-02
Iter   6, [ 1] :    7.744561e-02
Iter   7, [ 1] :    7.728619e-02
Iter   8, [ 1] :    7.716908e-02
Iter   9, [ 1] :    7.683161e-02
Iter  10, [ 1] :    7.678010e-02
Iter  11, [ 1] :    7.676171e-02
Iter  12, [ 1] :    7.666562e-02
Iter  13, [ 1] :    7.550550e-02
Iter  14, [ 1] :    7.516860e-02
Iter  15, [ 1] :    7.484531e-02
Iter  16, [ 1] :    7.470598e-02
Iter  17, [ 1] :    7.458027e-02
Iter  18, [ 1] :    7.357008e-02
Iter  19, [ 1] :    7.326092e-02
Iter  20, [ 1] :    7.307089e-02
Iter  21, [ 1] :    7.292947e-02
Iter  22, [ 1] :    7.274326e-02
Iter  23, [ 1] :    7.250366e-02
Iter  24, [ 1] :    7.226930e-02
Iter  25, [ 1] :    7.060865e-02
Iter  26, [ 1] :    6.903162e-02
Iter  27, [ 1] :    6.864093e-02
Iter  28, [ 1] :    6.854566e-02
Iter  29, [ 1] :    6.760873e-02
Iter  30, [ 1] :    6.594088e-02
Iter  31, [ 1] :    6.545786e-02
Iter  32, [ 1] :    6.136035e-02
Iter  33, [ 1] :    5.536726e-02
Iter  34, [ 1] :    5.221367e-02
Iter  35, [ 1] :    4.812234e-02
Iter  36, [ 1] :    4.032951e-02
Iter  37, [ 1] :    3.403323e-02
Iter  38, [ 1] :    2.894891e-02
Iter  39, [ 1] :    2.425141e-02
Iter  40, [ 1] :    2.101025e-02
Iter  41, [ 1] :    2.005864e-02
Iter  42, [ 1] :    1.882376e-02
Iter  43, [ 1] :    1.603797e-02
Iter  44, [ 1] :    1.305630e-02
Iter  45, [ 1] :    1.171252e-02
Iter  46, [ 1] :    1.149236e-02
Iter  47, [ 1] :    1.141233e-02
Iter  48, [ 1] :    1.082470e-02
Iter  49, [ 1] :    1.022337e-02
Iter  50, [ 1] :    9.763073e-03
Iter  51, [ 1] :    9.563474e-03
Iter  52, [ 1] :    9.401620e-03
Iter  53, [ 1] :    9.130203e-03
Iter  54, [ 1] :    8.545003e-03
Iter  55, [ 1] :    8.070786e-03
Iter  56, [ 1] :    7.830086e-03
Iter  57, [ 1] :    7.241800e-03
Iter  58, [ 1] :    6.782436e-03
Iter  59, [ 1] :    6.114121e-03
Iter  60, [ 1] :    5.019968e-03
Iter  61, [ 1] :    4.151806e-03
Iter  62, [ 1] :    3.342415e-03
Iter  63, [ 1] :    2.702733e-03
Iter  64, [ 1] :    2.194865e-03
Iter  65, [ 1] :    1.657149e-03
Iter  66, [ 1] :    1.280730e-03
Iter  67, [ 1] :    1.008839e-03
Iter  68, [ 1] :    8.359512e-04
Iter  69, [ 1] :    6.736592e-04
Iter  70, [ 1] :    5.509541e-04
Iter  71, [ 1] :    4.473147e-04
Iter  72, [ 1] :    3.748581e-04
Iter  73, [ 1] :    3.193250e-04
Iter  74, [ 1] :    2.572483e-04
Iter  75, [ 1] :    2.057100e-04
Iter  76, [ 1] :    1.721909e-04
Iter  77, [ 1] :    1.489907e-04
Iter  78, [ 1] :    1.239122e-04
Iter  79, [ 1] :    9.833269e-05
Iter  80, [ 1] :    7.757833e-05
Iter  81, [ 1] :    6.332324e-05
Iter  82, [ 1] :    5.295367e-05
Iter  83, [ 1] :    4.431679e-05
Iter  84, [ 1] :    3.686190e-05
Iter  85, [ 1] :    3.017434e-05
Iter  86, [ 1] :    2.541807e-05
Iter  87, [ 1] :    2.162485e-05
Iter  88, [ 1] :    1.857487e-05
Iter  89, [ 1] :    1.584588e-05
Iter  90, [ 1] :    1.364936e-05
Iter  91, [ 1] :    1.100783e-05
Iter  92, [ 1] :    9.403262e-06
Passed.......OR Combination -> 
  OK...........Number of Iterations = 92 < 100
  Converged....(2-Norm Res Vec) / (2-Norm RHS )
               residual [ 0 ] = 9.40326e-06 < 1e-05

>>> Forward groups 0-55 finished in   92 Belos Block GMRES iterations.
>>> Eigenvalue Iteration    3 has an estimated eigenvalue of 1.0822599057e+00
>>>         with a relative error in k-eff of  4.543977e-03
>>>        and an absolute error in k-eff of  4.895519e-03

*******************************************************
***** Belos Iterative Solver:  Block Gmres 
***** Maximum Iterations: 100
***** Block Size: 1
***** Residual Test: 
*****   Test 1 : Belos::StatusTestImpResNorm<>: (2-Norm Res Vec) / (2-Norm RHS ), tol = 1e-05
*******************************************************
Iter   0, [ 1] :    1.000000e+00
Iter   1, [ 1] :    3.249557e-01
Iter   2, [ 1] :    2.268509e-01
Iter   3, [ 1] :    1.464234e-01
Iter   4, [ 1] :    9.669704e-02
Iter   5, [ 1] :    7.834113e-02
Iter   6, [ 1] :    7.751987e-02
Iter   7, [ 1] :    7.731375e-02
Iter   8, [ 1] :    7.723588e-02
Iter   9, [ 1] :    7.697582e-02
Iter  10, [ 1] :    7.696396e-02
Iter  11, [ 1] :    7.686457e-02
Iter  12, [ 1] :    7.685466e-02
Iter  13, [ 1] :    7.542878e-02
Iter  14, [ 1] :    7.490612e-02
Iter  15, [ 1] :    7.470350e-02
Iter  16, [ 1] :    7.422920e-02
Iter  17, [ 1] :    7.420739e-02
Iter  18, [ 1] :    7.412782e-02
Iter  19, [ 1] :    7.411309e-02
Iter  20, [ 1] :    7.410866e-02
Iter  21, [ 1] :    7.369682e-02
Iter  22, [ 1] :    7.365535e-02
Iter  23, [ 1] :    7.326742e-02
Iter  24, [ 1] :    7.326616e-02
Iter  25, [ 1] :    7.309794e-02
Iter  26, [ 1] :    7.285939e-02
Iter  27, [ 1] :    7.273702e-02
Iter  28, [ 1] :    7.267704e-02
Iter  29, [ 1] :    7.266955e-02
Iter  30, [ 1] :    7.263389e-02
Iter  31, [ 1] :    7.263278e-02
Iter  32, [ 1] :    7.262771e-02
Iter  33, [ 1] :    7.262114e-02
Iter  34, [ 1] :    7.260517e-02
Iter  35, [ 1] :    7.257350e-02
Iter  36, [ 1] :    7.253568e-02
Iter  37, [ 1] :    7.253428e-02
Iter  38, [ 1] :    7.241564e-02
Iter  39, [ 1] :    7.223368e-02
Iter  40, [ 1] :    7.217007e-02
Iter  41, [ 1] :    7.213861e-02
Iter  42, [ 1] :    7.213802e-02
Iter  43, [ 1] :    7.210166e-02
Iter  44, [ 1] :    7.203332e-02
Iter  45, [ 1] :    7.202723e-02
Iter  46, [ 1] :    7.190859e-02
Iter  47, [ 1] :    7.168508e-02
Iter  48, [ 1] :    7.167299e-02
Iter  49, [ 1] :    7.153009e-02
Iter  50, [ 1] :    7.146894e-02
Iter  51, [ 1] :    7.137898e-02
Iter  52, [ 1] :    7.098878e-02
Iter  53, [ 1] :    7.013755e-02
Iter  54, [ 1] :    6.938778e-02
Iter  55, [ 1] :    6.925538e-02
Iter  56, [ 1] :    6.903871e-02
Iter  57, [ 1] :    6.882565e-02
Iter  58, [ 1] :    6.875435e-02
Iter  59, [ 1] :    6.842918e-02
Iter  60, [ 1] :    6.803941e-02
Iter  61, [ 1] :    6.788468e-02
Iter  62, [ 1] :    6.743107e-02
Iter  63, [ 1] :    6.693468e-02
Iter  64, [ 1] :    6.625630e-02
Iter  65, [ 1] :    6.556053e-02
Iter  66, [ 1] :    6.452766e-02
Iter  67, [ 1] :    6.291890e-02
Iter  68, [ 1] :    6.027907e-02
Iter  69, [ 1] :    5.648961e-02
Iter  70, [ 1] :    5.297663e-02
Iter  71, [ 1] :    4.781528e-02
Iter  72, [ 1] :    4.162854e-02
Iter  73, [ 1] :    3.702437e-02
Iter  74, [ 1] :    3.035159e-02
Iter  75, [ 1] :    2.518381e-02
Iter  76, [ 1] :    2.152349e-02
Iter  77, [ 1] :    1.792591e-02
Iter  78, [ 1] :    1.465766e-02
Iter  79, [ 1] :    1.146049e-02
Iter  80, [ 1] :    9.290779e-03
Iter  81, [ 1] :    7.429987e-03
Iter  82, [ 1] :    5.865635e-03
Iter  83, [ 1] :    4.615826e-03
Iter  84, [ 1] :    3.524103e-03
Iter  85, [ 1] :    2.816740e-03
Iter  86, [ 1] :    2.216081e-03
Iter  87, [ 1] :    1.778751e-03
Iter  88, [ 1] :    1.473439e-03
Iter  89, [ 1] :    1.191750e-03
Iter  90, [ 1] :    9.809755e-04
Iter  91, [ 1] :    7.585537e-04
Iter  92, [ 1] :    5.619211e-04
Iter  93, [ 1] :    4.467624e-04
Iter  94, [ 1] :    3.635657e-04
Iter  95, [ 1] :    2.893758e-04
Iter  96, [ 1] :    2.311785e-04
Iter  97, [ 1] :    1.870123e-04
Iter  98, [ 1] :    1.592772e-04
Iter  99, [ 1] :    1.381294e-04
Iter 100, [ 1] :    1.155845e-04
Passed.......OR Combination -> 
  Failed.......Number of Iterations = 100 == 100
  Unconverged..(2-Norm Res Vec) / (2-Norm RHS )
               residual [ 0 ] = 0.000115585 > 1e-05

*** Belos Block GMRES did not converge after 100 iterations.
>>> Forward groups 0-55 finished in  100 Belos Block GMRES iterations.
>>> Eigenvalue Iteration    4 has an estimated eigenvalue of 1.0822824279e+00
>>>         with a relative error in k-eff of  2.081031e-05
>>>        and an absolute error in k-eff of  2.252216e-05

*******************************************************
***** Belos Iterative Solver:  Block Gmres 
***** Maximum Iterations: 100
***** Block Size: 1
***** Residual Test: 
*****   Test 1 : Belos::StatusTestImpResNorm<>: (2-Norm Res Vec) / (2-Norm RHS ), tol = 1e-05
*******************************************************
Iter   0, [ 1] :    1.000000e+00
Iter   1, [ 1] :    3.249534e-01
Iter   2, [ 1] :    2.268499e-01
Iter   3, [ 1] :    1.464237e-01
Iter   4, [ 1] :    9.669748e-02
Iter   5, [ 1] :    7.834110e-02
Iter   6, [ 1] :    7.751964e-02
Iter   7, [ 1] :    7.731335e-02
Iter   8, [ 1] :    7.723562e-02
Iter   9, [ 1] :    7.697582e-02
Iter  10, [ 1] :    7.696403e-02
Iter  11, [ 1] :    7.686425e-02
Iter  12, [ 1] :    7.685442e-02
Iter  13, [ 1] :    7.542830e-02
Iter  14, [ 1] :    7.490460e-02
Iter  15, [ 1] :    7.470320e-02
Iter  16, [ 1] :    7.422958e-02
Iter  17, [ 1] :    7.420823e-02
Iter  18, [ 1] :    7.413023e-02
Iter  19, [ 1] :    7.411469e-02
Iter  20, [ 1] :    7.410963e-02
Iter  21, [ 1] :    7.367930e-02
Iter  22, [ 1] :    7.363085e-02
Iter  23, [ 1] :    7.299122e-02
Iter  24, [ 1] :    7.299085e-02
Iter  25, [ 1] :    7.298942e-02
Iter  26, [ 1] :    7.285121e-02
Iter  27, [ 1] :    7.273692e-02
Iter  28, [ 1] :    7.266717e-02
Iter  29, [ 1] :    7.266455e-02
Iter  30, [ 1] :    7.264428e-02
Iter  31, [ 1] :    7.264380e-02
Iter  32, [ 1] :    7.262190e-02
Iter  33, [ 1] :    7.262177e-02
Iter  34, [ 1] :    7.257290e-02
Iter  35, [ 1] :    7.247598e-02
Iter  36, [ 1] :    7.247598e-02
Iter  37, [ 1] :    7.242970e-02
Iter  38, [ 1] :    7.242709e-02
Iter  39, [ 1] :    7.235099e-02
Iter  40, [ 1] :    7.230373e-02
Iter  41, [ 1] :    7.229775e-02
Iter  42, [ 1] :    7.229508e-02
Iter  43, [ 1] :    7.229139e-02
Iter  44, [ 1] :    7.228122e-02
Iter  45, [ 1] :    7.223894e-02
Iter  46, [ 1] :    7.220580e-02
Iter  47, [ 1] :    7.216952e-02
Iter  48, [ 1] :    7.212142e-02
Iter  49, [ 1] :    7.212140e-02
Iter  50, [ 1] :    7.210581e-02
Iter  51, [ 1] :    7.205724e-02
Iter  52, [ 1] :    7.205716e-02
Iter  53, [ 1] :    7.204603e-02
Iter  54, [ 1] :    7.201847e-02
Iter  55, [ 1] :    7.201718e-02
Iter  56, [ 1] :    7.201668e-02
Iter  57, [ 1] :    7.201485e-02
Iter  58, [ 1] :    7.194355e-02
Iter  59, [ 1] :    7.192737e-02
Iter  60, [ 1] :    7.192613e-02
Iter  61, [ 1] :    7.190806e-02
Iter  62, [ 1] :    7.188630e-02
Iter  63, [ 1] :    7.188605e-02
Iter  64, [ 1] :    7.185868e-02
Iter  65, [ 1] :    7.185329e-02
Iter  66, [ 1] :    7.182753e-02
Iter  67, [ 1] :    7.182441e-02
Iter  68, [ 1] :    7.181895e-02
Iter  69, [ 1] :    7.181678e-02
Iter  70, [ 1] :    7.181490e-02
Iter  71, [ 1] :    7.180957e-02
Iter  72, [ 1] :    7.180922e-02
Iter  73, [ 1] :    7.178844e-02
Iter  74, [ 1] :    7.178799e-02
Iter  75, [ 1] :    7.178168e-02
Iter  76, [ 1] :    7.177989e-02
Iter  77, [ 1] :    7.174422e-02
Iter  78, [ 1] :    7.174292e-02
Iter  79, [ 1] :    7.174075e-02
Iter  80, [ 1] :    7.173706e-02
Iter  81, [ 1] :    7.173246e-02
Iter  82, [ 1] :    7.173018e-02
Iter  83, [ 1] :    7.173017e-02
Iter  84, [ 1] :    7.172813e-02
Iter  85, [ 1] :    7.170978e-02
Iter  86, [ 1] :    7.170617e-02
Iter  87, [ 1] :    7.169513e-02
Iter  88, [ 1] :    7.169155e-02
Iter  89, [ 1] :    7.167694e-02
Iter  90, [ 1] :    7.166527e-02
Iter  91, [ 1] :    7.166482e-02
Iter  92, [ 1] :    7.166480e-02
Iter  93, [ 1] :    7.166412e-02
Iter  94, [ 1] :    7.162645e-02
Iter  95, [ 1] :    7.158652e-02
Iter  96, [ 1] :    7.155085e-02
Iter  97, [ 1] :    7.151218e-02
Iter  98, [ 1] :    7.148868e-02
Iter  99, [ 1] :    7.146678e-02
Iter 100, [ 1] :    7.139704e-02
Passed.......OR Combination -> 
  Failed.......Number of Iterations = 100 == 100
  Unconverged..(2-Norm Res Vec) / (2-Norm RHS )
               residual [ 0 ] = 0.071397 > 1e-05

*** Belos Block GMRES did not converge after 100 iterations.
>>> Forward groups 0-55 finished in  100 Belos Block GMRES iterations.
>>> Eigenvalue Iteration    5 has an estimated eigenvalue of 1.0822820590e+00
>>>         with a relative error in k-eff of  3.408052e-07
>>>        and an absolute error in k-eff of  3.688475e-07
======================================================================================
                                 Final Timing Report
======================================================================================
Routine                                                 Max Fraction   Min Fraction   
--------------------------------------------------------------------------------------
kba::Relaxation.iterate                                 0.2390184      0.2322011      
neutronics::Manager_Deterministic.solve                 0.9994771      0.9994771      
neutronics::Manager_Deterministic.complete_setup        0.0004239      0.0004058      
kba::Upscatter_Solver_RQ.solve                          0.9810075      0.9810075      
neutronics::Manager_Deterministic.complete_setup.meshing0.0000357      0.0000054      
kba::Upscatter_Solver_RQ.calculate_rq                   0.0184695      0.0184695      
kba::Sweep_Source_DB.initialize                         0.0512214      0.0396318      
neutronics::Manager.Manager                             0.0001170      0.0000989      
robus::Nuclide_Metadata.load_SCL                        0.0000096      0.0000089      
neutronics::Manager_Deterministic.complete_setup.xsects 0.0003961      0.0001671      
kba::Sweeper.sweep                                      0.9550917      0.9434868      
kba::Multilevel_Preconditioner.apply                    0.3239897      0.3238292      
kba::Multilevel_Preconditioner.initialize               0.0000045      0.0000044      
======================================================================================

Total number of sweeps: 267828
Total execution time : 2.0648e+04 seconds.
Application 14827028 resources: utime ~64664192s, stime ~89032s, Rss ~539052, inblocks ~577329663, outblocks ~725484939
Thu Jun 29 22:06:06 EDT 2017
