=============================================
       Omnibus: the Exnihilo front-end       
       (c) ORNL, UT-Battelle, 2007-2016      
---------------------------------------------
Exnihilo 6.2 (r30641: #ffaf3f62 on 2017MAY03)
Scale 6.3 (r22875: #1c783b6b on 2017APR25)
built on 2017MAY03
with machine 'mod-condo-login02.ornl.gov' running Linux version 3.10.0-327.4.4.el7.x86_64 (x86_64)
=============================================

::: Building model
*** No composition data is present in the Mesh model at '/lustre/hydra/cades-nsed-scale/tut/c5g7_precon/c5g7_small_mesh.h5'
>>> Creating default boundary mesh from (0 0 0) to (64.26 64.26 64.26) for Mesh geometry
::: Building physics 'mg'
::: Building Denovo solver internals
::: Loading matids from mesh model
::: Mixing Denovo cross sections
::: Initializing Denovo solver
>>> Constructing Denovo state vector with 56 groups, 530604 cells, 4 moments, 1 unknowns per cell
>>> Forcing full upscatter partitioning for RQI
::: Running Denovo transport calculation
>>> Beginning Rayleigh Quotient Iteration
Belos Block GMRES converged after 60 iterations.
>>> Forward groups 0-55 finished in   60 Belos Block GMRES iterations.
Belos Block GMRES converged after 4 iterations.
Belos Block GMRES converged after 4 iterations.
Belos Block GMRES converged after 4 iterations.
Belos Block GMRES converged after 4 iterations.
Belos Block GMRES converged after 4 iterations.
Belos Block GMRES converged after 4 iterations.
Belos Block GMRES converged after 4 iterations.
Belos Block GMRES converged after 4 iterations.
Belos Block GMRES converged after 4 iterations.
Belos Block GMRES converged after 4 iterations.
Belos Block GMRES converged after 4 iterations.
Belos Block GMRES converged after 4 iterations.
Belos Block GMRES converged after 4 iterations.
Belos Block GMRES converged after 4 iterations.
Belos Block GMRES converged after 4 iterations.
Belos Block GMRES converged after 4 iterations.
Belos Block GMRES converged after 3 iterations.
Belos Block GMRES converged after 3 iterations.
Belos Block GMRES converged after 3 iterations.
Belos Block GMRES converged after 3 iterations.
Belos Block GMRES converged after 3 iterations.
Belos Block GMRES converged after 3 iterations.
Belos Block GMRES converged after 3 iterations.
Belos Block GMRES converged after 3 iterations.
Belos Block GMRES converged after 3 iterations.
Belos Block GMRES converged after 3 iterations.
Belos Block GMRES converged after 3 iterations.
Belos Block GMRES converged after 3 iterations.
Belos Block GMRES converged after 3 iterations.
Belos Block GMRES converged after 3 iterations.
Belos Block GMRES converged after 3 iterations.
Belos Block GMRES converged after 3 iterations.
Belos Block GMRES converged after 3 iterations.
Belos Block GMRES converged after 3 iterations.
Belos Block GMRES converged after 3 iterations.
Belos Block GMRES converged after 3 iterations.
Belos Block GMRES converged after 3 iterations.
Belos Block GMRES converged after 3 iterations.
Belos Block GMRES converged after 3 iterations.
Belos Block GMRES converged after 3 iterations.
Belos Block GMRES converged after 3 iterations.
Belos Block GMRES converged after 3 iterations.
Belos Block GMRES converged after 3 iterations.
Belos Block GMRES converged after 3 iterations.
Belos Block GMRES converged after 3 iterations.
Belos Block GMRES converged after 3 iterations.
Belos Block GMRES converged after 3 iterations.
Belos Block GMRES converged after 3 iterations.
Belos Block GMRES converged after 3 iterations.
Belos Block GMRES converged after 3 iterations.
Belos Block GMRES converged after 3 iterations.
Belos Block GMRES converged after 3 iterations.
Belos Block GMRES converged after 3 iterations.
Belos Block GMRES converged after 3 iterations.
Belos Block GMRES converged after 3 iterations.
Belos Block GMRES converged after 3 iterations.
Belos Block GMRES converged after 4 iterations.
Belos Block GMRES converged after 4 iterations.
Belos Block GMRES converged after 4 iterations.
Belos Block GMRES converged after 4 iterations.
Belos Block GMRES converged after 4 iterations.
Belos Block GMRES converged after 4 iterations.
Belos Block GMRES converged after 4 iterations.
Belos Block GMRES converged after 4 iterations.
Belos Block GMRES converged after 4 iterations.
Belos Block GMRES converged after 4 iterations.
Belos Block GMRES converged after 4 iterations.
Belos Block GMRES converged after 4 iterations.
Belos Block GMRES converged after 4 iterations.
Belos Block GMRES converged after 4 iterations.
Belos Block GMRES converged after 4 iterations.
Belos Block GMRES converged after 4 iterations.
Belos Block GMRES converged after 3 iterations.
Belos Block GMRES converged after 3 iterations.
Belos Block GMRES converged after 3 iterations.
Belos Block GMRES converged after 3 iterations.
Belos Block GMRES converged after 3 iterations.
Belos Block GMRES converged after 3 iterations.
Belos Block GMRES converged after 3 iterations.
Belos Block GMRES converged after 3 iterations.
Belos Block GMRES converged after 3 iterations.
Belos Block GMRES converged after 3 iterations.
Belos Block GMRES converged after 3 iterations.
Belos Block GMRES converged after 3 iterations.
Belos Block GMRES converged after 3 iterations.
Belos Block GMRES converged after 3 iterations.
Belos Block GMRES converged after 3 iterations.
Belos Block GMRES converged after 3 iterations.
Belos Block GMRES converged after 3 iterations.
Belos Block GMRES converged after 3 iterations.
Belos Block GMRES converged after 3 iterations.
Belos Block GMRES converged after 3 iterations.
Belos Block GMRES converged after 3 iterations.
Belos Block GMRES converged after 3 iterations.
Belos Block GMRES converged after 3 iterations.
Belos Block GMRES converged after 3 iterations.
Belos Block GMRES converged after 3 iterations.
Belos Block GMRES converged after 3 iterations.
Belos Block GMRES converged after 3 iterations.
Belos Block GMRES converged after 3 iterations.
Belos Block GMRES converged after 3 iterations.
Belos Block GMRES converged after 3 iterations.
Belos Block GMRES converged after 3 iterations.
Belos Block GMRES converged after 3 iterations.
Belos Block GMRES converged after 3 iterations.
Belos Block GMRES converged after 3 iterations.
Belos Block GMRES converged after 3 iterations.
Belos Block GMRES converged after 3 iterations.
Belos Block GMRES converged after 3 iterations.
Belos Block GMRES converged after 3 iterations.
Belos Block GMRES converged after 3 iterations.
Belos Block GMRES converged after 3 iterations.
>>> Eigenvalue Iteration    1 has an estimated eigenvalue of 1.0361049395e+00
>>>         with a relative error in k-eff of  3.610494e-02
>>>        and an absolute error in k-eff of  3.610494e-02
Belos Block GMRES converged after 150 iterations.
>>> Forward groups 0-55 finished in  150 Belos Block GMRES iterations.
Belos Block GMRES converged after 4 iterations.
Belos Block GMRES converged after 4 iterations.
Belos Block GMRES converged after 4 iterations.
Belos Block GMRES converged after 4 iterations.
Belos Block GMRES converged after 4 iterations.
Belos Block GMRES converged after 4 iterations.
Belos Block GMRES converged after 4 iterations.
Belos Block GMRES converged after 4 iterations.
Belos Block GMRES converged after 4 iterations.
Belos Block GMRES converged after 4 iterations.
Belos Block GMRES converged after 4 iterations.
Belos Block GMRES converged after 4 iterations.
Belos Block GMRES converged after 4 iterations.
Belos Block GMRES converged after 4 iterations.
Belos Block GMRES converged after 4 iterations.
Belos Block GMRES converged after 4 iterations.
Belos Block GMRES converged after 4 iterations.
Belos Block GMRES converged after 4 iterations.
Belos Block GMRES converged after 4 iterations.
Belos Block GMRES converged after 3 iterations.
Belos Block GMRES converged after 4 iterations.
Belos Block GMRES converged after 3 iterations.
Belos Block GMRES converged after 4 iterations.
Belos Block GMRES converged after 3 iterations.
Belos Block GMRES converged after 4 iterations.
Belos Block GMRES converged after 3 iterations.
Belos Block GMRES converged after 4 iterations.
Belos Block GMRES converged after 3 iterations.
Belos Block GMRES converged after 4 iterations.
Belos Block GMRES converged after 3 iterations.
Belos Block GMRES converged after 3 iterations.
Belos Block GMRES converged after 4 iterations.
Belos Block GMRES converged after 3 iterations.
Belos Block GMRES converged after 3 iterations.
Belos Block GMRES converged after 3 iterations.
Belos Block GMRES converged after 4 iterations.
Belos Block GMRES converged after 4 iterations.
Belos Block GMRES converged after 3 iterations.
Belos Block GMRES converged after 3 iterations.
Belos Block GMRES converged after 3 iterations.
Belos Block GMRES converged after 3 iterations.
Belos Block GMRES converged after 3 iterations.
Belos Block GMRES converged after 3 iterations.
Belos Block GMRES converged after 3 iterations.
Belos Block GMRES converged after 3 iterations.
Belos Block GMRES converged after 3 iterations.
Belos Block GMRES converged after 3 iterations.
Belos Block GMRES converged after 3 iterations.
Belos Block GMRES converged after 3 iterations.
Belos Block GMRES converged after 3 iterations.
Belos Block GMRES converged after 3 iterations.
Belos Block GMRES converged after 3 iterations.
Belos Block GMRES converged after 3 iterations.
Belos Block GMRES converged after 3 iterations.
Belos Block GMRES converged after 3 iterations.
Belos Block GMRES converged after 3 iterations.
Belos Block GMRES converged after 4 iterations.
Belos Block GMRES converged after 4 iterations.
Belos Block GMRES converged after 4 iterations.
Belos Block GMRES converged after 4 iterations.
Belos Block GMRES converged after 4 iterations.
Belos Block GMRES converged after 4 iterations.
Belos Block GMRES converged after 4 iterations.
Belos Block GMRES converged after 4 iterations.
Belos Block GMRES converged after 4 iterations.
Belos Block GMRES converged after 4 iterations.
Belos Block GMRES converged after 4 iterations.
Belos Block GMRES converged after 4 iterations.
Belos Block GMRES converged after 4 iterations.
Belos Block GMRES converged after 4 iterations.
Belos Block GMRES converged after 4 iterations.
Belos Block GMRES converged after 4 iterations.
Belos Block GMRES converged after 4 iterations.
Belos Block GMRES converged after 4 iterations.
Belos Block GMRES converged after 4 iterations.
Belos Block GMRES converged after 3 iterations.
Belos Block GMRES converged after 4 iterations.
Belos Block GMRES converged after 3 iterations.
Belos Block GMRES converged after 4 iterations.
Belos Block GMRES converged after 3 iterations.
Belos Block GMRES converged after 4 iterations.
Belos Block GMRES converged after 3 iterations.
Belos Block GMRES converged after 3 iterations.
Belos Block GMRES converged after 3 iterations.
Belos Block GMRES converged after 4 iterations.
Belos Block GMRES converged after 3 iterations.
Belos Block GMRES converged after 3 iterations.
Belos Block GMRES converged after 4 iterations.
Belos Block GMRES converged after 3 iterations.
Belos Block GMRES converged after 3 iterations.
Belos Block GMRES converged after 3 iterations.
Belos Block GMRES converged after 4 iterations.
Belos Block GMRES converged after 4 iterations.
Belos Block GMRES converged after 3 iterations.
Belos Block GMRES converged after 3 iterations.
Belos Block GMRES converged after 3 iterations.
Belos Block GMRES converged after 3 iterations.
Belos Block GMRES converged after 3 iterations.
Belos Block GMRES converged after 3 iterations.
Belos Block GMRES converged after 3 iterations.
Belos Block GMRES converged after 3 iterations.
Belos Block GMRES converged after 3 iterations.
Belos Block GMRES converged after 3 iterations.
Belos Block GMRES converged after 3 iterations.
Belos Block GMRES converged after 3 iterations.
Belos Block GMRES converged after 3 iterations.
Belos Block GMRES converged after 3 iterations.
Belos Block GMRES converged after 3 iterations.
Belos Block GMRES converged after 3 iterations.
Belos Block GMRES converged after 3 iterations.
Belos Block GMRES converged after 3 iterations.
Belos Block GMRES converged after 3 iterations.
>>> Eigenvalue Iteration    2 has an estimated eigenvalue of 1.0950618959e+00
>>>         with a relative error in k-eff of  5.690250e-02
>>>        and an absolute error in k-eff of  5.895696e-02
Belos Block GMRES converged after 225 iterations.
>>> Forward groups 0-55 finished in  225 Belos Block GMRES iterations.
Belos Block GMRES converged after 4 iterations.
Belos Block GMRES converged after 4 iterations.
Belos Block GMRES converged after 4 iterations.
Belos Block GMRES converged after 4 iterations.
Belos Block GMRES converged after 4 iterations.
Belos Block GMRES converged after 4 iterations.
Belos Block GMRES converged after 4 iterations.
Belos Block GMRES converged after 4 iterations.
Belos Block GMRES converged after 4 iterations.
Belos Block GMRES converged after 4 iterations.
Belos Block GMRES converged after 4 iterations.
Belos Block GMRES converged after 4 iterations.
Belos Block GMRES converged after 4 iterations.
Belos Block GMRES converged after 4 iterations.
Belos Block GMRES converged after 4 iterations.
Belos Block GMRES converged after 4 iterations.
Belos Block GMRES converged after 4 iterations.
Belos Block GMRES converged after 4 iterations.
Belos Block GMRES converged after 4 iterations.
Belos Block GMRES converged after 3 iterations.
Belos Block GMRES converged after 4 iterations.
Belos Block GMRES converged after 3 iterations.
Belos Block GMRES converged after 4 iterations.
Belos Block GMRES converged after 3 iterations.
Belos Block GMRES converged after 4 iterations.
Belos Block GMRES converged after 3 iterations.
Belos Block GMRES converged after 4 iterations.
Belos Block GMRES converged after 3 iterations.
Belos Block GMRES converged after 4 iterations.
Belos Block GMRES converged after 3 iterations.
Belos Block GMRES converged after 3 iterations.
Belos Block GMRES converged after 4 iterations.
Belos Block GMRES converged after 3 iterations.
Belos Block GMRES converged after 3 iterations.
Belos Block GMRES converged after 3 iterations.
Belos Block GMRES converged after 4 iterations.
Belos Block GMRES converged after 4 iterations.
Belos Block GMRES converged after 3 iterations.
Belos Block GMRES converged after 3 iterations.
Belos Block GMRES converged after 3 iterations.
Belos Block GMRES converged after 3 iterations.
Belos Block GMRES converged after 3 iterations.
Belos Block GMRES converged after 3 iterations.
Belos Block GMRES converged after 3 iterations.
Belos Block GMRES converged after 3 iterations.
Belos Block GMRES converged after 3 iterations.
Belos Block GMRES converged after 3 iterations.
Belos Block GMRES converged after 3 iterations.
Belos Block GMRES converged after 3 iterations.
Belos Block GMRES converged after 3 iterations.
Belos Block GMRES converged after 3 iterations.
Belos Block GMRES converged after 3 iterations.
Belos Block GMRES converged after 3 iterations.
Belos Block GMRES converged after 3 iterations.
Belos Block GMRES converged after 3 iterations.
Belos Block GMRES converged after 3 iterations.
Belos Block GMRES converged after 4 iterations.
Belos Block GMRES converged after 4 iterations.
Belos Block GMRES converged after 4 iterations.
Belos Block GMRES converged after 4 iterations.
Belos Block GMRES converged after 4 iterations.
Belos Block GMRES converged after 4 iterations.
Belos Block GMRES converged after 4 iterations.
Belos Block GMRES converged after 4 iterations.
Belos Block GMRES converged after 4 iterations.
Belos Block GMRES converged after 4 iterations.
Belos Block GMRES converged after 4 iterations.
Belos Block GMRES converged after 4 iterations.
Belos Block GMRES converged after 4 iterations.
Belos Block GMRES converged after 4 iterations.
Belos Block GMRES converged after 4 iterations.
Belos Block GMRES converged after 4 iterations.
Belos Block GMRES converged after 4 iterations.
Belos Block GMRES converged after 4 iterations.
Belos Block GMRES converged after 4 iterations.
Belos Block GMRES converged after 3 iterations.
Belos Block GMRES converged after 4 iterations.
Belos Block GMRES converged after 3 iterations.
Belos Block GMRES converged after 3 iterations.
Belos Block GMRES converged after 3 iterations.
Belos Block GMRES converged after 3 iterations.
Belos Block GMRES converged after 3 iterations.
Belos Block GMRES converged after 3 iterations.
Belos Block GMRES converged after 3 iterations.
Belos Block GMRES converged after 4 iterations.
Belos Block GMRES converged after 3 iterations.
Belos Block GMRES converged after 3 iterations.
Belos Block GMRES converged after 3 iterations.
Belos Block GMRES converged after 3 iterations.
Belos Block GMRES converged after 3 iterations.
Belos Block GMRES converged after 3 iterations.
Belos Block GMRES converged after 4 iterations.
Belos Block GMRES converged after 3 iterations.
Belos Block GMRES converged after 3 iterations.
Belos Block GMRES converged after 3 iterations.
Belos Block GMRES converged after 3 iterations.
Belos Block GMRES converged after 3 iterations.
Belos Block GMRES converged after 3 iterations.
Belos Block GMRES converged after 3 iterations.
Belos Block GMRES converged after 3 iterations.
Belos Block GMRES converged after 3 iterations.
Belos Block GMRES converged after 3 iterations.
Belos Block GMRES converged after 3 iterations.
Belos Block GMRES converged after 3 iterations.
Belos Block GMRES converged after 3 iterations.
Belos Block GMRES converged after 3 iterations.
Belos Block GMRES converged after 3 iterations.
Belos Block GMRES converged after 3 iterations.
Belos Block GMRES converged after 3 iterations.
Belos Block GMRES converged after 3 iterations.
Belos Block GMRES converged after 3 iterations.
Belos Block GMRES converged after 3 iterations.
>>> Eigenvalue Iteration    3 has an estimated eigenvalue of 1.0970467846e+00
>>>         with a relative error in k-eff of  1.812581e-03
>>>        and an absolute error in k-eff of  1.984889e-03
*** Belos Block GMRES did not converge after 250 iterations.
>>> Forward groups 0-55 finished in  250 Belos Block GMRES iterations.
Belos Block GMRES converged after 4 iterations.
Belos Block GMRES converged after 4 iterations.
Belos Block GMRES converged after 4 iterations.
Belos Block GMRES converged after 4 iterations.
Belos Block GMRES converged after 4 iterations.
Belos Block GMRES converged after 4 iterations.
Belos Block GMRES converged after 4 iterations.
Belos Block GMRES converged after 4 iterations.
Belos Block GMRES converged after 4 iterations.
Belos Block GMRES converged after 4 iterations.
Belos Block GMRES converged after 4 iterations.
Belos Block GMRES converged after 4 iterations.
Belos Block GMRES converged after 4 iterations.
Belos Block GMRES converged after 4 iterations.
Belos Block GMRES converged after 4 iterations.
Belos Block GMRES converged after 4 iterations.
Belos Block GMRES converged after 4 iterations.
Belos Block GMRES converged after 4 iterations.
Belos Block GMRES converged after 4 iterations.
Belos Block GMRES converged after 3 iterations.
Belos Block GMRES converged after 4 iterations.
Belos Block GMRES converged after 3 iterations.
Belos Block GMRES converged after 4 iterations.
Belos Block GMRES converged after 3 iterations.
Belos Block GMRES converged after 4 iterations.
Belos Block GMRES converged after 3 iterations.
Belos Block GMRES converged after 4 iterations.
Belos Block GMRES converged after 3 iterations.
Belos Block GMRES converged after 4 iterations.
Belos Block GMRES converged after 3 iterations.
Belos Block GMRES converged after 3 iterations.
Belos Block GMRES converged after 4 iterations.
Belos Block GMRES converged after 3 iterations.
Belos Block GMRES converged after 3 iterations.
Belos Block GMRES converged after 3 iterations.
Belos Block GMRES converged after 4 iterations.
Belos Block GMRES converged after 4 iterations.
Belos Block GMRES converged after 3 iterations.
Belos Block GMRES converged after 3 iterations.
Belos Block GMRES converged after 3 iterations.
Belos Block GMRES converged after 3 iterations.
Belos Block GMRES converged after 3 iterations.
Belos Block GMRES converged after 3 iterations.
Belos Block GMRES converged after 3 iterations.
Belos Block GMRES converged after 3 iterations.
Belos Block GMRES converged after 3 iterations.
Belos Block GMRES converged after 3 iterations.
Belos Block GMRES converged after 3 iterations.
Belos Block GMRES converged after 3 iterations.
Belos Block GMRES converged after 3 iterations.
Belos Block GMRES converged after 3 iterations.
Belos Block GMRES converged after 3 iterations.
Belos Block GMRES converged after 3 iterations.
Belos Block GMRES converged after 3 iterations.
Belos Block GMRES converged after 3 iterations.
Belos Block GMRES converged after 3 iterations.
Belos Block GMRES converged after 4 iterations.
Belos Block GMRES converged after 4 iterations.
Belos Block GMRES converged after 4 iterations.
Belos Block GMRES converged after 4 iterations.
Belos Block GMRES converged after 4 iterations.
Belos Block GMRES converged after 4 iterations.
Belos Block GMRES converged after 4 iterations.
Belos Block GMRES converged after 4 iterations.
Belos Block GMRES converged after 4 iterations.
Belos Block GMRES converged after 4 iterations.
Belos Block GMRES converged after 4 iterations.
Belos Block GMRES converged after 4 iterations.
Belos Block GMRES converged after 4 iterations.
Belos Block GMRES converged after 4 iterations.
Belos Block GMRES converged after 4 iterations.
Belos Block GMRES converged after 4 iterations.
Belos Block GMRES converged after 4 iterations.
Belos Block GMRES converged after 4 iterations.
Belos Block GMRES converged after 4 iterations.
Belos Block GMRES converged after 3 iterations.
Belos Block GMRES converged after 4 iterations.
Belos Block GMRES converged after 3 iterations.
Belos Block GMRES converged after 3 iterations.
Belos Block GMRES converged after 3 iterations.
Belos Block GMRES converged after 3 iterations.
Belos Block GMRES converged after 3 iterations.
Belos Block GMRES converged after 3 iterations.
Belos Block GMRES converged after 3 iterations.
Belos Block GMRES converged after 4 iterations.
Belos Block GMRES converged after 3 iterations.
Belos Block GMRES converged after 3 iterations.
Belos Block GMRES converged after 3 iterations.
Belos Block GMRES converged after 3 iterations.
Belos Block GMRES converged after 3 iterations.
Belos Block GMRES converged after 3 iterations.
Belos Block GMRES converged after 4 iterations.
Belos Block GMRES converged after 3 iterations.
Belos Block GMRES converged after 3 iterations.
Belos Block GMRES converged after 3 iterations.
Belos Block GMRES converged after 3 iterations.
Belos Block GMRES converged after 3 iterations.
Belos Block GMRES converged after 3 iterations.
Belos Block GMRES converged after 3 iterations.
Belos Block GMRES converged after 3 iterations.
Belos Block GMRES converged after 3 iterations.
Belos Block GMRES converged after 3 iterations.
Belos Block GMRES converged after 3 iterations.
Belos Block GMRES converged after 3 iterations.
Belos Block GMRES converged after 3 iterations.
Belos Block GMRES converged after 3 iterations.
Belos Block GMRES converged after 3 iterations.
Belos Block GMRES converged after 3 iterations.
Belos Block GMRES converged after 3 iterations.
Belos Block GMRES converged after 3 iterations.
Belos Block GMRES converged after 3 iterations.
Belos Block GMRES converged after 3 iterations.
>>> Eigenvalue Iteration    4 has an estimated eigenvalue of 1.0972064797e+00
>>>         with a relative error in k-eff of  1.455682e-04
>>>        and an absolute error in k-eff of  1.596951e-04
*** Belos Block GMRES did not converge after 250 iterations.
>>> Forward groups 0-55 finished in  250 Belos Block GMRES iterations.
Belos Block GMRES converged after 4 iterations.
Belos Block GMRES converged after 4 iterations.
Belos Block GMRES converged after 4 iterations.
Belos Block GMRES converged after 4 iterations.
Belos Block GMRES converged after 4 iterations.
Belos Block GMRES converged after 4 iterations.
Belos Block GMRES converged after 4 iterations.
Belos Block GMRES converged after 4 iterations.
Belos Block GMRES converged after 4 iterations.
Belos Block GMRES converged after 4 iterations.
Belos Block GMRES converged after 4 iterations.
Belos Block GMRES converged after 4 iterations.
Belos Block GMRES converged after 4 iterations.
Belos Block GMRES converged after 4 iterations.
Belos Block GMRES converged after 4 iterations.
Belos Block GMRES converged after 4 iterations.
Belos Block GMRES converged after 4 iterations.
Belos Block GMRES converged after 4 iterations.
Belos Block GMRES converged after 4 iterations.
Belos Block GMRES converged after 3 iterations.
Belos Block GMRES converged after 4 iterations.
Belos Block GMRES converged after 3 iterations.
Belos Block GMRES converged after 4 iterations.
Belos Block GMRES converged after 3 iterations.
Belos Block GMRES converged after 4 iterations.
Belos Block GMRES converged after 3 iterations.
Belos Block GMRES converged after 4 iterations.
Belos Block GMRES converged after 3 iterations.
Belos Block GMRES converged after 4 iterations.
Belos Block GMRES converged after 3 iterations.
Belos Block GMRES converged after 3 iterations.
Belos Block GMRES converged after 4 iterations.
Belos Block GMRES converged after 3 iterations.
Belos Block GMRES converged after 3 iterations.
Belos Block GMRES converged after 3 iterations.
Belos Block GMRES converged after 4 iterations.
Belos Block GMRES converged after 4 iterations.
Belos Block GMRES converged after 3 iterations.
Belos Block GMRES converged after 3 iterations.
Belos Block GMRES converged after 3 iterations.
Belos Block GMRES converged after 3 iterations.
Belos Block GMRES converged after 3 iterations.
Belos Block GMRES converged after 3 iterations.
Belos Block GMRES converged after 3 iterations.
Belos Block GMRES converged after 3 iterations.
Belos Block GMRES converged after 3 iterations.
Belos Block GMRES converged after 3 iterations.
Belos Block GMRES converged after 3 iterations.
Belos Block GMRES converged after 3 iterations.
Belos Block GMRES converged after 3 iterations.
Belos Block GMRES converged after 3 iterations.
Belos Block GMRES converged after 3 iterations.
Belos Block GMRES converged after 3 iterations.
Belos Block GMRES converged after 3 iterations.
Belos Block GMRES converged after 3 iterations.
Belos Block GMRES converged after 3 iterations.
Belos Block GMRES converged after 4 iterations.
Belos Block GMRES converged after 4 iterations.
Belos Block GMRES converged after 4 iterations.
Belos Block GMRES converged after 4 iterations.
Belos Block GMRES converged after 4 iterations.
Belos Block GMRES converged after 4 iterations.
Belos Block GMRES converged after 4 iterations.
Belos Block GMRES converged after 4 iterations.
Belos Block GMRES converged after 4 iterations.
Belos Block GMRES converged after 4 iterations.
Belos Block GMRES converged after 4 iterations.
Belos Block GMRES converged after 4 iterations.
Belos Block GMRES converged after 4 iterations.
Belos Block GMRES converged after 4 iterations.
Belos Block GMRES converged after 4 iterations.
Belos Block GMRES converged after 4 iterations.
Belos Block GMRES converged after 4 iterations.
Belos Block GMRES converged after 4 iterations.
Belos Block GMRES converged after 4 iterations.
Belos Block GMRES converged after 3 iterations.
Belos Block GMRES converged after 4 iterations.
Belos Block GMRES converged after 3 iterations.
Belos Block GMRES converged after 3 iterations.
Belos Block GMRES converged after 3 iterations.
Belos Block GMRES converged after 3 iterations.
Belos Block GMRES converged after 3 iterations.
Belos Block GMRES converged after 3 iterations.
Belos Block GMRES converged after 3 iterations.
Belos Block GMRES converged after 4 iterations.
Belos Block GMRES converged after 3 iterations.
Belos Block GMRES converged after 3 iterations.
Belos Block GMRES converged after 3 iterations.
Belos Block GMRES converged after 3 iterations.
Belos Block GMRES converged after 3 iterations.
Belos Block GMRES converged after 3 iterations.
Belos Block GMRES converged after 4 iterations.
Belos Block GMRES converged after 3 iterations.
Belos Block GMRES converged after 3 iterations.
Belos Block GMRES converged after 3 iterations.
Belos Block GMRES converged after 3 iterations.
Belos Block GMRES converged after 3 iterations.
Belos Block GMRES converged after 3 iterations.
Belos Block GMRES converged after 3 iterations.
Belos Block GMRES converged after 3 iterations.
Belos Block GMRES converged after 3 iterations.
Belos Block GMRES converged after 3 iterations.
Belos Block GMRES converged after 3 iterations.
Belos Block GMRES converged after 3 iterations.
Belos Block GMRES converged after 3 iterations.
Belos Block GMRES converged after 3 iterations.
Belos Block GMRES converged after 3 iterations.
Belos Block GMRES converged after 3 iterations.
Belos Block GMRES converged after 3 iterations.
Belos Block GMRES converged after 3 iterations.
Belos Block GMRES converged after 3 iterations.
Belos Block GMRES converged after 3 iterations.
>>> Eigenvalue Iteration    5 has an estimated eigenvalue of 1.0970471714e+00
>>>         with a relative error in k-eff of  1.451944e-04
>>>        and an absolute error in k-eff of  1.593083e-04
*** Belos Block GMRES did not converge after 250 iterations.
>>> Forward groups 0-55 finished in  250 Belos Block GMRES iterations.
Belos Block GMRES converged after 4 iterations.
Belos Block GMRES converged after 4 iterations.
Belos Block GMRES converged after 4 iterations.
Belos Block GMRES converged after 4 iterations.
Belos Block GMRES converged after 4 iterations.
Belos Block GMRES converged after 4 iterations.
Belos Block GMRES converged after 4 iterations.
Belos Block GMRES converged after 4 iterations.
Belos Block GMRES converged after 4 iterations.
Belos Block GMRES converged after 4 iterations.
Belos Block GMRES converged after 4 iterations.
Belos Block GMRES converged after 4 iterations.
Belos Block GMRES converged after 4 iterations.
Belos Block GMRES converged after 4 iterations.
Belos Block GMRES converged after 4 iterations.
Belos Block GMRES converged after 4 iterations.
Belos Block GMRES converged after 4 iterations.
Belos Block GMRES converged after 4 iterations.
Belos Block GMRES converged after 4 iterations.
Belos Block GMRES converged after 3 iterations.
Belos Block GMRES converged after 4 iterations.
Belos Block GMRES converged after 3 iterations.
Belos Block GMRES converged after 4 iterations.
Belos Block GMRES converged after 3 iterations.
Belos Block GMRES converged after 4 iterations.
Belos Block GMRES converged after 3 iterations.
Belos Block GMRES converged after 4 iterations.
Belos Block GMRES converged after 3 iterations.
Belos Block GMRES converged after 4 iterations.
Belos Block GMRES converged after 3 iterations.
Belos Block GMRES converged after 3 iterations.
Belos Block GMRES converged after 4 iterations.
Belos Block GMRES converged after 3 iterations.
Belos Block GMRES converged after 3 iterations.
Belos Block GMRES converged after 3 iterations.
Belos Block GMRES converged after 4 iterations.
Belos Block GMRES converged after 4 iterations.
Belos Block GMRES converged after 3 iterations.
Belos Block GMRES converged after 3 iterations.
Belos Block GMRES converged after 3 iterations.
Belos Block GMRES converged after 3 iterations.
Belos Block GMRES converged after 3 iterations.
Belos Block GMRES converged after 3 iterations.
Belos Block GMRES converged after 3 iterations.
Belos Block GMRES converged after 3 iterations.
Belos Block GMRES converged after 3 iterations.
Belos Block GMRES converged after 3 iterations.
Belos Block GMRES converged after 3 iterations.
Belos Block GMRES converged after 3 iterations.
Belos Block GMRES converged after 3 iterations.
Belos Block GMRES converged after 3 iterations.
Belos Block GMRES converged after 3 iterations.
Belos Block GMRES converged after 3 iterations.
Belos Block GMRES converged after 3 iterations.
Belos Block GMRES converged after 3 iterations.
Belos Block GMRES converged after 3 iterations.
Belos Block GMRES converged after 4 iterations.
Belos Block GMRES converged after 4 iterations.
Belos Block GMRES converged after 4 iterations.
Belos Block GMRES converged after 4 iterations.
Belos Block GMRES converged after 4 iterations.
Belos Block GMRES converged after 4 iterations.
Belos Block GMRES converged after 4 iterations.
Belos Block GMRES converged after 4 iterations.
Belos Block GMRES converged after 4 iterations.
Belos Block GMRES converged after 4 iterations.
Belos Block GMRES converged after 4 iterations.
Belos Block GMRES converged after 4 iterations.
Belos Block GMRES converged after 4 iterations.
Belos Block GMRES converged after 4 iterations.
Belos Block GMRES converged after 4 iterations.
Belos Block GMRES converged after 4 iterations.
Belos Block GMRES converged after 4 iterations.
Belos Block GMRES converged after 4 iterations.
Belos Block GMRES converged after 4 iterations.
Belos Block GMRES converged after 3 iterations.
Belos Block GMRES converged after 4 iterations.
Belos Block GMRES converged after 3 iterations.
Belos Block GMRES converged after 3 iterations.
Belos Block GMRES converged after 3 iterations.
Belos Block GMRES converged after 3 iterations.
Belos Block GMRES converged after 3 iterations.
Belos Block GMRES converged after 3 iterations.
Belos Block GMRES converged after 3 iterations.
Belos Block GMRES converged after 4 iterations.
Belos Block GMRES converged after 3 iterations.
Belos Block GMRES converged after 3 iterations.
Belos Block GMRES converged after 3 iterations.
Belos Block GMRES converged after 3 iterations.
Belos Block GMRES converged after 3 iterations.
Belos Block GMRES converged after 3 iterations.
Belos Block GMRES converged after 4 iterations.
Belos Block GMRES converged after 3 iterations.
Belos Block GMRES converged after 3 iterations.
Belos Block GMRES converged after 3 iterations.
Belos Block GMRES converged after 3 iterations.
Belos Block GMRES converged after 3 iterations.
Belos Block GMRES converged after 3 iterations.
Belos Block GMRES converged after 3 iterations.
Belos Block GMRES converged after 3 iterations.
Belos Block GMRES converged after 3 iterations.
Belos Block GMRES converged after 3 iterations.
Belos Block GMRES converged after 3 iterations.
Belos Block GMRES converged after 3 iterations.
Belos Block GMRES converged after 3 iterations.
Belos Block GMRES converged after 3 iterations.
Belos Block GMRES converged after 3 iterations.
Belos Block GMRES converged after 3 iterations.
Belos Block GMRES converged after 3 iterations.
Belos Block GMRES converged after 3 iterations.
Belos Block GMRES converged after 3 iterations.
Belos Block GMRES converged after 3 iterations.
>>> Eigenvalue Iteration    6 has an estimated eigenvalue of 1.0973304416e+00
>>>         with a relative error in k-eff of  2.582115e-04
>>>        and an absolute error in k-eff of  2.832702e-04
*** Belos Block GMRES did not converge after 250 iterations.
>>> Forward groups 0-55 finished in  250 Belos Block GMRES iterations.
Belos Block GMRES converged after 4 iterations.
Belos Block GMRES converged after 4 iterations.
Belos Block GMRES converged after 4 iterations.
Belos Block GMRES converged after 4 iterations.
Belos Block GMRES converged after 4 iterations.
Belos Block GMRES converged after 4 iterations.
Belos Block GMRES converged after 4 iterations.
Belos Block GMRES converged after 4 iterations.
Belos Block GMRES converged after 4 iterations.
Belos Block GMRES converged after 4 iterations.
Belos Block GMRES converged after 4 iterations.
Belos Block GMRES converged after 4 iterations.
Belos Block GMRES converged after 4 iterations.
Belos Block GMRES converged after 4 iterations.
Belos Block GMRES converged after 4 iterations.
Belos Block GMRES converged after 4 iterations.
Belos Block GMRES converged after 4 iterations.
Belos Block GMRES converged after 4 iterations.
Belos Block GMRES converged after 4 iterations.
Belos Block GMRES converged after 3 iterations.
Belos Block GMRES converged after 4 iterations.
Belos Block GMRES converged after 3 iterations.
Belos Block GMRES converged after 4 iterations.
Belos Block GMRES converged after 3 iterations.
Belos Block GMRES converged after 4 iterations.
Belos Block GMRES converged after 3 iterations.
Belos Block GMRES converged after 4 iterations.
Belos Block GMRES converged after 3 iterations.
Belos Block GMRES converged after 4 iterations.
Belos Block GMRES converged after 3 iterations.
Belos Block GMRES converged after 3 iterations.
Belos Block GMRES converged after 4 iterations.
Belos Block GMRES converged after 3 iterations.
Belos Block GMRES converged after 3 iterations.
Belos Block GMRES converged after 3 iterations.
Belos Block GMRES converged after 4 iterations.
Belos Block GMRES converged after 4 iterations.
Belos Block GMRES converged after 3 iterations.
Belos Block GMRES converged after 3 iterations.
Belos Block GMRES converged after 3 iterations.
Belos Block GMRES converged after 3 iterations.
Belos Block GMRES converged after 3 iterations.
Belos Block GMRES converged after 3 iterations.
Belos Block GMRES converged after 3 iterations.
Belos Block GMRES converged after 3 iterations.
Belos Block GMRES converged after 3 iterations.
Belos Block GMRES converged after 3 iterations.
Belos Block GMRES converged after 3 iterations.
Belos Block GMRES converged after 3 iterations.
Belos Block GMRES converged after 3 iterations.
Belos Block GMRES converged after 3 iterations.
Belos Block GMRES converged after 3 iterations.
Belos Block GMRES converged after 3 iterations.
Belos Block GMRES converged after 3 iterations.
Belos Block GMRES converged after 3 iterations.
Belos Block GMRES converged after 3 iterations.
Belos Block GMRES converged after 4 iterations.
Belos Block GMRES converged after 4 iterations.
Belos Block GMRES converged after 4 iterations.
Belos Block GMRES converged after 4 iterations.
Belos Block GMRES converged after 4 iterations.
Belos Block GMRES converged after 4 iterations.
Belos Block GMRES converged after 4 iterations.
Belos Block GMRES converged after 4 iterations.
Belos Block GMRES converged after 4 iterations.
Belos Block GMRES converged after 4 iterations.
Belos Block GMRES converged after 4 iterations.
Belos Block GMRES converged after 4 iterations.
Belos Block GMRES converged after 4 iterations.
Belos Block GMRES converged after 4 iterations.
Belos Block GMRES converged after 4 iterations.
Belos Block GMRES converged after 4 iterations.
Belos Block GMRES converged after 4 iterations.
Belos Block GMRES converged after 4 iterations.
Belos Block GMRES converged after 4 iterations.
Belos Block GMRES converged after 3 iterations.
Belos Block GMRES converged after 4 iterations.
Belos Block GMRES converged after 3 iterations.
Belos Block GMRES converged after 3 iterations.
Belos Block GMRES converged after 3 iterations.
Belos Block GMRES converged after 3 iterations.
Belos Block GMRES converged after 3 iterations.
Belos Block GMRES converged after 3 iterations.
Belos Block GMRES converged after 3 iterations.
Belos Block GMRES converged after 4 iterations.
Belos Block GMRES converged after 3 iterations.
Belos Block GMRES converged after 3 iterations.
Belos Block GMRES converged after 3 iterations.
Belos Block GMRES converged after 3 iterations.
Belos Block GMRES converged after 3 iterations.
Belos Block GMRES converged after 3 iterations.
Belos Block GMRES converged after 4 iterations.
Belos Block GMRES converged after 3 iterations.
Belos Block GMRES converged after 3 iterations.
Belos Block GMRES converged after 3 iterations.
Belos Block GMRES converged after 3 iterations.
Belos Block GMRES converged after 3 iterations.
Belos Block GMRES converged after 3 iterations.
Belos Block GMRES converged after 3 iterations.
Belos Block GMRES converged after 3 iterations.
Belos Block GMRES converged after 3 iterations.
Belos Block GMRES converged after 3 iterations.
Belos Block GMRES converged after 3 iterations.
Belos Block GMRES converged after 3 iterations.
Belos Block GMRES converged after 3 iterations.
Belos Block GMRES converged after 3 iterations.
Belos Block GMRES converged after 3 iterations.
Belos Block GMRES converged after 3 iterations.
Belos Block GMRES converged after 3 iterations.
Belos Block GMRES converged after 3 iterations.
Belos Block GMRES converged after 3 iterations.
Belos Block GMRES converged after 3 iterations.
>>> Eigenvalue Iteration    7 has an estimated eigenvalue of 1.0970471745e+00
>>>         with a relative error in k-eff of  2.581420e-04
>>>        and an absolute error in k-eff of  2.832671e-04
*** Belos Block GMRES did not converge after 250 iterations.
>>> Forward groups 0-55 finished in  250 Belos Block GMRES iterations.
Belos Block GMRES converged after 4 iterations.
Belos Block GMRES converged after 4 iterations.
Belos Block GMRES converged after 4 iterations.
Belos Block GMRES converged after 4 iterations.
Belos Block GMRES converged after 4 iterations.
Belos Block GMRES converged after 4 iterations.
Belos Block GMRES converged after 4 iterations.
Belos Block GMRES converged after 4 iterations.
Belos Block GMRES converged after 4 iterations.
Belos Block GMRES converged after 4 iterations.
Belos Block GMRES converged after 4 iterations.
Belos Block GMRES converged after 4 iterations.
Belos Block GMRES converged after 4 iterations.
Belos Block GMRES converged after 4 iterations.
Belos Block GMRES converged after 4 iterations.
Belos Block GMRES converged after 4 iterations.
Belos Block GMRES converged after 4 iterations.
Belos Block GMRES converged after 4 iterations.
Belos Block GMRES converged after 4 iterations.
Belos Block GMRES converged after 3 iterations.
Belos Block GMRES converged after 4 iterations.
Belos Block GMRES converged after 3 iterations.
Belos Block GMRES converged after 4 iterations.
Belos Block GMRES converged after 3 iterations.
Belos Block GMRES converged after 4 iterations.
Belos Block GMRES converged after 3 iterations.
Belos Block GMRES converged after 4 iterations.
Belos Block GMRES converged after 3 iterations.
Belos Block GMRES converged after 4 iterations.
Belos Block GMRES converged after 3 iterations.
Belos Block GMRES converged after 3 iterations.
Belos Block GMRES converged after 4 iterations.
Belos Block GMRES converged after 3 iterations.
Belos Block GMRES converged after 3 iterations.
Belos Block GMRES converged after 3 iterations.
Belos Block GMRES converged after 4 iterations.
Belos Block GMRES converged after 4 iterations.
Belos Block GMRES converged after 3 iterations.
Belos Block GMRES converged after 3 iterations.
Belos Block GMRES converged after 3 iterations.
Belos Block GMRES converged after 3 iterations.
Belos Block GMRES converged after 3 iterations.
Belos Block GMRES converged after 3 iterations.
Belos Block GMRES converged after 3 iterations.
Belos Block GMRES converged after 3 iterations.
Belos Block GMRES converged after 3 iterations.
Belos Block GMRES converged after 3 iterations.
Belos Block GMRES converged after 3 iterations.
Belos Block GMRES converged after 3 iterations.
Belos Block GMRES converged after 3 iterations.
Belos Block GMRES converged after 3 iterations.
Belos Block GMRES converged after 3 iterations.
Belos Block GMRES converged after 3 iterations.
Belos Block GMRES converged after 3 iterations.
Belos Block GMRES converged after 3 iterations.
Belos Block GMRES converged after 3 iterations.
Belos Block GMRES converged after 4 iterations.
Belos Block GMRES converged after 4 iterations.
Belos Block GMRES converged after 4 iterations.
Belos Block GMRES converged after 4 iterations.
Belos Block GMRES converged after 4 iterations.
Belos Block GMRES converged after 4 iterations.
Belos Block GMRES converged after 4 iterations.
Belos Block GMRES converged after 4 iterations.
Belos Block GMRES converged after 4 iterations.
Belos Block GMRES converged after 4 iterations.
Belos Block GMRES converged after 4 iterations.
Belos Block GMRES converged after 4 iterations.
Belos Block GMRES converged after 4 iterations.
Belos Block GMRES converged after 4 iterations.
Belos Block GMRES converged after 4 iterations.
Belos Block GMRES converged after 4 iterations.
Belos Block GMRES converged after 4 iterations.
Belos Block GMRES converged after 4 iterations.
Belos Block GMRES converged after 4 iterations.
Belos Block GMRES converged after 3 iterations.
Belos Block GMRES converged after 4 iterations.
Belos Block GMRES converged after 3 iterations.
Belos Block GMRES converged after 3 iterations.
Belos Block GMRES converged after 3 iterations.
Belos Block GMRES converged after 3 iterations.
Belos Block GMRES converged after 3 iterations.
Belos Block GMRES converged after 3 iterations.
Belos Block GMRES converged after 3 iterations.
Belos Block GMRES converged after 4 iterations.
Belos Block GMRES converged after 3 iterations.
Belos Block GMRES converged after 3 iterations.
Belos Block GMRES converged after 3 iterations.
Belos Block GMRES converged after 3 iterations.
Belos Block GMRES converged after 3 iterations.
Belos Block GMRES converged after 3 iterations.
Belos Block GMRES converged after 4 iterations.
Belos Block GMRES converged after 3 iterations.
Belos Block GMRES converged after 3 iterations.
Belos Block GMRES converged after 3 iterations.
Belos Block GMRES converged after 3 iterations.
Belos Block GMRES converged after 3 iterations.
Belos Block GMRES converged after 3 iterations.
Belos Block GMRES converged after 3 iterations.
Belos Block GMRES converged after 3 iterations.
Belos Block GMRES converged after 3 iterations.
Belos Block GMRES converged after 3 iterations.
Belos Block GMRES converged after 3 iterations.
Belos Block GMRES converged after 3 iterations.
Belos Block GMRES converged after 3 iterations.
Belos Block GMRES converged after 3 iterations.
Belos Block GMRES converged after 3 iterations.
Belos Block GMRES converged after 3 iterations.
Belos Block GMRES converged after 3 iterations.
Belos Block GMRES converged after 3 iterations.
Belos Block GMRES converged after 3 iterations.
Belos Block GMRES converged after 3 iterations.
>>> Eigenvalue Iteration    8 has an estimated eigenvalue of 1.0973322911e+00
>>>         with a relative error in k-eff of  2.598946e-04
>>>        and an absolute error in k-eff of  2.851166e-04
